{"total": {"lines":{"total":2878,"covered":1478,"skipped":0,"pct":51.35},"statements":{"total":3045,"covered":1538,"skipped":0,"pct":50.5},"functions":{"total":475,"covered":227,"skipped":0,"pct":47.78},"branches":{"total":2331,"covered":897,"skipped":0,"pct":38.48},"branchesTrue":{"total":0,"covered":0,"skipped":0,"pct":100}}
,"/Users/piyush./Desktop/Streamline/server/src/middlewares/asyncHandler.ts": {"lines":{"total":6,"covered":5,"skipped":0,"pct":83.33},"functions":{"total":3,"covered":3,"skipped":0,"pct":100},"statements":{"total":6,"covered":5,"skipped":0,"pct":83.33},"branches":{"total":6,"covered":3,"skipped":0,"pct":50}}
,"/Users/piyush./Desktop/Streamline/server/src/middlewares/auth.ts": {"lines":{"total":17,"covered":0,"skipped":0,"pct":0},"functions":{"total":1,"covered":0,"skipped":0,"pct":0},"statements":{"total":17,"covered":0,"skipped":0,"pct":0},"branches":{"total":14,"covered":0,"skipped":0,"pct":0}}
,"/Users/piyush./Desktop/Streamline/server/src/middlewares/errorHandler.ts": {"lines":{"total":21,"covered":10,"skipped":0,"pct":47.61},"functions":{"total":2,"covered":1,"skipped":0,"pct":50},"statements":{"total":22,"covered":10,"skipped":0,"pct":45.45},"branches":{"total":20,"covered":4,"skipped":0,"pct":20}}
,"/Users/piyush./Desktop/Streamline/server/src/middlewares/notFound.ts": {"lines":{"total":1,"covered":0,"skipped":0,"pct":0},"functions":{"total":1,"covered":0,"skipped":0,"pct":0},"statements":{"total":1,"covered":0,"skipped":0,"pct":0},"branches":{"total":0,"covered":0,"skipped":0,"pct":100}}
,"/Users/piyush./Desktop/Streamline/server/src/middlewares/rateLimiter.ts": {"lines":{"total":9,"covered":6,"skipped":0,"pct":66.66},"functions":{"total":3,"covered":0,"skipped":0,"pct":0},"statements":{"total":9,"covered":6,"skipped":0,"pct":66.66},"branches":{"total":12,"covered":0,"skipped":0,"pct":0}}
,"/Users/piyush./Desktop/Streamline/server/src/middlewares/requestId.ts": {"lines":{"total":6,"covered":6,"skipped":0,"pct":100},"functions":{"total":2,"covered":2,"skipped":0,"pct":100},"statements":{"total":6,"covered":6,"skipped":0,"pct":100},"branches":{"total":2,"covered":2,"skipped":0,"pct":100}}
,"/Users/piyush./Desktop/Streamline/server/src/middlewares/security.ts": {"lines":{"total":15,"covered":14,"skipped":0,"pct":93.33},"functions":{"total":2,"covered":2,"skipped":0,"pct":100},"statements":{"total":15,"covered":14,"skipped":0,"pct":93.33},"branches":{"total":15,"covered":14,"skipped":0,"pct":93.33}}
,"/Users/piyush./Desktop/Streamline/server/src/middlewares/validate.ts": {"lines":{"total":27,"covered":0,"skipped":0,"pct":0},"functions":{"total":9,"covered":0,"skipped":0,"pct":0},"statements":{"total":27,"covered":0,"skipped":0,"pct":0},"branches":{"total":6,"covered":0,"skipped":0,"pct":0}}
,"/Users/piyush./Desktop/Streamline/server/src/repositories/accounts.repository.ts": {"lines":{"total":28,"covered":15,"skipped":0,"pct":53.57},"functions":{"total":9,"covered":5,"skipped":0,"pct":55.55},"statements":{"total":30,"covered":16,"skipped":0,"pct":53.33},"branches":{"total":26,"covered":9,"skipped":0,"pct":34.61}}
,"/Users/piyush./Desktop/Streamline/server/src/repositories/agent.repository.ts": {"lines":{"total":24,"covered":12,"skipped":0,"pct":50},"functions":{"total":11,"covered":5,"skipped":0,"pct":45.45},"statements":{"total":27,"covered":13,"skipped":0,"pct":48.14},"branches":{"total":16,"covered":10,"skipped":0,"pct":62.5}}
,"/Users/piyush./Desktop/Streamline/server/src/repositories/ai.repository.ts": {"lines":{"total":41,"covered":7,"skipped":0,"pct":17.07},"functions":{"total":14,"covered":2,"skipped":0,"pct":14.28},"statements":{"total":42,"covered":7,"skipped":0,"pct":16.66},"branches":{"total":57,"covered":7,"skipped":0,"pct":12.28}}
,"/Users/piyush./Desktop/Streamline/server/src/repositories/emails.repository.ts": {"lines":{"total":53,"covered":9,"skipped":0,"pct":16.98},"functions":{"total":13,"covered":4,"skipped":0,"pct":30.76},"statements":{"total":62,"covered":12,"skipped":0,"pct":19.35},"branches":{"total":58,"covered":3,"skipped":0,"pct":5.17}}
,"/Users/piyush./Desktop/Streamline/server/src/repositories/events.repository.ts": {"lines":{"total":81,"covered":33,"skipped":0,"pct":40.74},"functions":{"total":17,"covered":4,"skipped":0,"pct":23.52},"statements":{"total":94,"covered":33,"skipped":0,"pct":35.1},"branches":{"total":68,"covered":18,"skipped":0,"pct":26.47}}
,"/Users/piyush./Desktop/Streamline/server/src/repositories/index.ts": {"lines":{"total":0,"covered":0,"skipped":0,"pct":100},"functions":{"total":0,"covered":0,"skipped":0,"pct":100},"statements":{"total":0,"covered":0,"skipped":0,"pct":100},"branches":{"total":0,"covered":0,"skipped":0,"pct":100}}
,"/Users/piyush./Desktop/Streamline/server/src/repositories/projects.repository.ts": {"lines":{"total":23,"covered":4,"skipped":0,"pct":17.39},"functions":{"total":8,"covered":1,"skipped":0,"pct":12.5},"statements":{"total":26,"covered":5,"skipped":0,"pct":19.23},"branches":{"total":22,"covered":1,"skipped":0,"pct":4.54}}
,"/Users/piyush./Desktop/Streamline/server/src/repositories/tasks.repository.ts": {"lines":{"total":11,"covered":9,"skipped":0,"pct":81.81},"functions":{"total":7,"covered":5,"skipped":0,"pct":71.42},"statements":{"total":11,"covered":9,"skipped":0,"pct":81.81},"branches":{"total":8,"covered":5,"skipped":0,"pct":62.5}}
,"/Users/piyush./Desktop/Streamline/server/src/repositories/users.repository.ts": {"lines":{"total":7,"covered":5,"skipped":0,"pct":71.42},"functions":{"total":3,"covered":2,"skipped":0,"pct":66.66},"statements":{"total":7,"covered":5,"skipped":0,"pct":71.42},"branches":{"total":5,"covered":2,"skipped":0,"pct":40}}
,"/Users/piyush./Desktop/Streamline/server/src/services/audit.service.ts": {"lines":{"total":9,"covered":5,"skipped":0,"pct":55.55},"functions":{"total":1,"covered":1,"skipped":0,"pct":100},"statements":{"total":9,"covered":5,"skipped":0,"pct":55.55},"branches":{"total":7,"covered":4,"skipped":0,"pct":57.14}}
,"/Users/piyush./Desktop/Streamline/server/src/services/auth.service.ts": {"lines":{"total":23,"covered":1,"skipped":0,"pct":4.34},"functions":{"total":6,"covered":0,"skipped":0,"pct":0},"statements":{"total":27,"covered":1,"skipped":0,"pct":3.7},"branches":{"total":16,"covered":0,"skipped":0,"pct":0}}
,"/Users/piyush./Desktop/Streamline/server/src/services/cache.service.ts": {"lines":{"total":35,"covered":14,"skipped":0,"pct":40},"functions":{"total":7,"covered":3,"skipped":0,"pct":42.85},"statements":{"total":37,"covered":14,"skipped":0,"pct":37.83},"branches":{"total":21,"covered":7,"skipped":0,"pct":33.33}}
,"/Users/piyush./Desktop/Streamline/server/src/services/emails.service.ts": {"lines":{"total":23,"covered":0,"skipped":0,"pct":0},"functions":{"total":7,"covered":0,"skipped":0,"pct":0},"statements":{"total":24,"covered":0,"skipped":0,"pct":0},"branches":{"total":6,"covered":0,"skipped":0,"pct":0}}
,"/Users/piyush./Desktop/Streamline/server/src/services/events.service.ts": {"lines":{"total":54,"covered":0,"skipped":0,"pct":0},"functions":{"total":7,"covered":0,"skipped":0,"pct":0},"statements":{"total":56,"covered":0,"skipped":0,"pct":0},"branches":{"total":66,"covered":0,"skipped":0,"pct":0}}
,"/Users/piyush./Desktop/Streamline/server/src/services/oauth.service.ts": {"lines":{"total":20,"covered":0,"skipped":0,"pct":0},"functions":{"total":5,"covered":0,"skipped":0,"pct":0},"statements":{"total":20,"covered":0,"skipped":0,"pct":0},"branches":{"total":12,"covered":0,"skipped":0,"pct":0}}
,"/Users/piyush./Desktop/Streamline/server/src/services/planner.service.ts": {"lines":{"total":23,"covered":21,"skipped":0,"pct":91.3},"functions":{"total":6,"covered":5,"skipped":0,"pct":83.33},"statements":{"total":26,"covered":24,"skipped":0,"pct":92.3},"branches":{"total":16,"covered":11,"skipped":0,"pct":68.75}}
,"/Users/piyush./Desktop/Streamline/server/src/services/priority.service.ts": {"lines":{"total":130,"covered":127,"skipped":0,"pct":97.69},"functions":{"total":18,"covered":17,"skipped":0,"pct":94.44},"statements":{"total":150,"covered":145,"skipped":0,"pct":96.66},"branches":{"total":127,"covered":108,"skipped":0,"pct":85.03}}
,"/Users/piyush./Desktop/Streamline/server/src/services/sse.service.ts": {"lines":{"total":47,"covered":24,"skipped":0,"pct":51.06},"functions":{"total":9,"covered":4,"skipped":0,"pct":44.44},"statements":{"total":47,"covered":24,"skipped":0,"pct":51.06},"branches":{"total":10,"covered":6,"skipped":0,"pct":60}}
,"/Users/piyush./Desktop/Streamline/server/src/services/tasks.service.ts": {"lines":{"total":7,"covered":0,"skipped":0,"pct":0},"functions":{"total":5,"covered":0,"skipped":0,"pct":0},"statements":{"total":7,"covered":0,"skipped":0,"pct":0},"branches":{"total":24,"covered":0,"skipped":0,"pct":0}}
,"/Users/piyush./Desktop/Streamline/server/src/services/trace.service.ts": {"lines":{"total":100,"covered":97,"skipped":0,"pct":97},"functions":{"total":6,"covered":5,"skipped":0,"pct":83.33},"statements":{"total":103,"covered":100,"skipped":0,"pct":97.08},"branches":{"total":118,"covered":80,"skipped":0,"pct":67.79}}
,"/Users/piyush./Desktop/Streamline/server/src/services/ai/index.ts": {"lines":{"total":0,"covered":0,"skipped":0,"pct":100},"functions":{"total":0,"covered":0,"skipped":0,"pct":100},"statements":{"total":0,"covered":0,"skipped":0,"pct":100},"branches":{"total":0,"covered":0,"skipped":0,"pct":100}}
,"/Users/piyush./Desktop/Streamline/server/src/services/ai/agent/orchestrator-context.ts": {"lines":{"total":25,"covered":16,"skipped":0,"pct":64},"functions":{"total":6,"covered":2,"skipped":0,"pct":33.33},"statements":{"total":27,"covered":16,"skipped":0,"pct":59.25},"branches":{"total":17,"covered":5,"skipped":0,"pct":29.41}}
,"/Users/piyush./Desktop/Streamline/server/src/services/ai/agent/orchestrator-stream.ts": {"lines":{"total":11,"covered":11,"skipped":0,"pct":100},"functions":{"total":3,"covered":3,"skipped":0,"pct":100},"statements":{"total":11,"covered":11,"skipped":0,"pct":100},"branches":{"total":4,"covered":3,"skipped":0,"pct":75}}
,"/Users/piyush./Desktop/Streamline/server/src/services/ai/agent/orchestrator.service.ts": {"lines":{"total":105,"covered":68,"skipped":0,"pct":64.76},"functions":{"total":5,"covered":1,"skipped":0,"pct":20},"statements":{"total":107,"covered":69,"skipped":0,"pct":64.48},"branches":{"total":55,"covered":32,"skipped":0,"pct":58.18}}
,"/Users/piyush./Desktop/Streamline/server/src/services/ai/agent/policy.ts": {"lines":{"total":80,"covered":64,"skipped":0,"pct":80},"functions":{"total":6,"covered":5,"skipped":0,"pct":83.33},"statements":{"total":81,"covered":65,"skipped":0,"pct":80.24},"branches":{"total":57,"covered":41,"skipped":0,"pct":71.92}}
,"/Users/piyush./Desktop/Streamline/server/src/services/ai/agent/swarm/critic.ts": {"lines":{"total":18,"covered":13,"skipped":0,"pct":72.22},"functions":{"total":2,"covered":2,"skipped":0,"pct":100},"statements":{"total":18,"covered":13,"skipped":0,"pct":72.22},"branches":{"total":13,"covered":9,"skipped":0,"pct":69.23}}
,"/Users/piyush./Desktop/Streamline/server/src/services/ai/agent/swarm/supervisor.ts": {"lines":{"total":70,"covered":58,"skipped":0,"pct":82.85},"functions":{"total":6,"covered":4,"skipped":0,"pct":66.66},"statements":{"total":72,"covered":59,"skipped":0,"pct":81.94},"branches":{"total":29,"covered":14,"skipped":0,"pct":48.27}}
,"/Users/piyush./Desktop/Streamline/server/src/services/ai/agent/swarm/types.ts": {"lines":{"total":0,"covered":0,"skipped":0,"pct":100},"functions":{"total":0,"covered":0,"skipped":0,"pct":100},"statements":{"total":0,"covered":0,"skipped":0,"pct":100},"branches":{"total":0,"covered":0,"skipped":0,"pct":100}}
,"/Users/piyush./Desktop/Streamline/server/src/services/ai/agent/swarm/agents/calendar-negotiator.ts": {"lines":{"total":16,"covered":15,"skipped":0,"pct":93.75},"functions":{"total":2,"covered":1,"skipped":0,"pct":50},"statements":{"total":16,"covered":15,"skipped":0,"pct":93.75},"branches":{"total":2,"covered":0,"skipped":0,"pct":0}}
,"/Users/piyush./Desktop/Streamline/server/src/services/ai/agent/swarm/agents/dag-scheduler.ts": {"lines":{"total":9,"covered":1,"skipped":0,"pct":11.11},"functions":{"total":3,"covered":0,"skipped":0,"pct":0},"statements":{"total":9,"covered":1,"skipped":0,"pct":11.11},"branches":{"total":14,"covered":0,"skipped":0,"pct":0}}
,"/Users/piyush./Desktop/Streamline/server/src/services/ai/agent/swarm/agents/dossier-agent.ts": {"lines":{"total":8,"covered":1,"skipped":0,"pct":12.5},"functions":{"total":3,"covered":0,"skipped":0,"pct":0},"statements":{"total":9,"covered":1,"skipped":0,"pct":11.11},"branches":{"total":2,"covered":0,"skipped":0,"pct":0}}
,"/Users/piyush./Desktop/Streamline/server/src/services/ai/agent/swarm/agents/inbox-sentry.ts": {"lines":{"total":20,"covered":3,"skipped":0,"pct":15},"functions":{"total":4,"covered":1,"skipped":0,"pct":25},"statements":{"total":20,"covered":3,"skipped":0,"pct":15},"branches":{"total":21,"covered":0,"skipped":0,"pct":0}}
,"/Users/piyush./Desktop/Streamline/server/src/services/ai/agent/tools/create_calendar_event.ts": {"lines":{"total":10,"covered":2,"skipped":0,"pct":20},"functions":{"total":4,"covered":0,"skipped":0,"pct":0},"statements":{"total":10,"covered":2,"skipped":0,"pct":20},"branches":{"total":8,"covered":0,"skipped":0,"pct":0}}
,"/Users/piyush./Desktop/Streamline/server/src/services/ai/agent/tools/create_task.ts": {"lines":{"total":5,"covered":5,"skipped":0,"pct":100},"functions":{"total":2,"covered":2,"skipped":0,"pct":100},"statements":{"total":5,"covered":5,"skipped":0,"pct":100},"branches":{"total":12,"covered":8,"skipped":0,"pct":66.66}}
,"/Users/piyush./Desktop/Streamline/server/src/services/ai/agent/tools/draft_email.ts": {"lines":{"total":4,"covered":2,"skipped":0,"pct":50},"functions":{"total":2,"covered":0,"skipped":0,"pct":0},"statements":{"total":4,"covered":2,"skipped":0,"pct":50},"branches":{"total":0,"covered":0,"skipped":0,"pct":100}}
,"/Users/piyush./Desktop/Streamline/server/src/services/ai/agent/tools/find_free_slots.ts": {"lines":{"total":7,"covered":2,"skipped":0,"pct":28.57},"functions":{"total":3,"covered":0,"skipped":0,"pct":0},"statements":{"total":8,"covered":2,"skipped":0,"pct":25},"branches":{"total":8,"covered":0,"skipped":0,"pct":0}}
,"/Users/piyush./Desktop/Streamline/server/src/services/ai/agent/tools/get_email.ts": {"lines":{"total":7,"covered":2,"skipped":0,"pct":28.57},"functions":{"total":2,"covered":0,"skipped":0,"pct":0},"statements":{"total":7,"covered":2,"skipped":0,"pct":28.57},"branches":{"total":2,"covered":0,"skipped":0,"pct":0}}
,"/Users/piyush./Desktop/Streamline/server/src/services/ai/agent/tools/get_tasks.ts": {"lines":{"total":10,"covered":8,"skipped":0,"pct":80},"functions":{"total":5,"covered":3,"skipped":0,"pct":60},"statements":{"total":13,"covered":10,"skipped":0,"pct":76.92},"branches":{"total":10,"covered":5,"skipped":0,"pct":50}}
,"/Users/piyush./Desktop/Streamline/server/src/services/ai/agent/tools/index.ts": {"lines":{"total":2,"covered":2,"skipped":0,"pct":100},"functions":{"total":2,"covered":2,"skipped":0,"pct":100},"statements":{"total":3,"covered":3,"skipped":0,"pct":100},"branches":{"total":0,"covered":0,"skipped":0,"pct":100}}
,"/Users/piyush./Desktop/Streamline/server/src/services/ai/agent/tools/save_memory.ts": {"lines":{"total":13,"covered":2,"skipped":0,"pct":15.38},"functions":{"total":3,"covered":0,"skipped":0,"pct":0},"statements":{"total":15,"covered":2,"skipped":0,"pct":13.33},"branches":{"total":20,"covered":0,"skipped":0,"pct":0}}
,"/Users/piyush./Desktop/Streamline/server/src/services/ai/agent/tools/search_memory.ts": {"lines":{"total":6,"covered":2,"skipped":0,"pct":33.33},"functions":{"total":3,"covered":0,"skipped":0,"pct":0},"statements":{"total":6,"covered":2,"skipped":0,"pct":33.33},"branches":{"total":4,"covered":0,"skipped":0,"pct":0}}
,"/Users/piyush./Desktop/Streamline/server/src/services/ai/agent/tools/send_email.ts": {"lines":{"total":5,"covered":3,"skipped":0,"pct":60},"functions":{"total":2,"covered":1,"skipped":0,"pct":50},"statements":{"total":5,"covered":3,"skipped":0,"pct":60},"branches":{"total":2,"covered":1,"skipped":0,"pct":50}}
,"/Users/piyush./Desktop/Streamline/server/src/services/ai/agent/tools/types.ts": {"lines":{"total":0,"covered":0,"skipped":0,"pct":100},"functions":{"total":0,"covered":0,"skipped":0,"pct":100},"statements":{"total":0,"covered":0,"skipped":0,"pct":100},"branches":{"total":0,"covered":0,"skipped":0,"pct":100}}
,"/Users/piyush./Desktop/Streamline/server/src/services/ai/core/cost-guard.service.ts": {"lines":{"total":60,"covered":53,"skipped":0,"pct":88.33},"functions":{"total":11,"covered":10,"skipped":0,"pct":90.9},"statements":{"total":64,"covered":57,"skipped":0,"pct":89.06},"branches":{"total":40,"covered":32,"skipped":0,"pct":80}}
,"/Users/piyush./Desktop/Streamline/server/src/services/ai/core/factory.ts": {"lines":{"total":30,"covered":23,"skipped":0,"pct":76.66},"functions":{"total":2,"covered":2,"skipped":0,"pct":100},"statements":{"total":30,"covered":23,"skipped":0,"pct":76.66},"branches":{"total":22,"covered":16,"skipped":0,"pct":72.72}}
,"/Users/piyush./Desktop/Streamline/server/src/services/ai/core/gemini.client.ts": {"lines":{"total":31,"covered":24,"skipped":0,"pct":77.41},"functions":{"total":3,"covered":3,"skipped":0,"pct":100},"statements":{"total":31,"covered":24,"skipped":0,"pct":77.41},"branches":{"total":6,"covered":3,"skipped":0,"pct":50}}
,"/Users/piyush./Desktop/Streamline/server/src/services/ai/core/types.ts": {"lines":{"total":0,"covered":0,"skipped":0,"pct":100},"functions":{"total":0,"covered":0,"skipped":0,"pct":100},"statements":{"total":0,"covered":0,"skipped":0,"pct":100},"branches":{"total":0,"covered":0,"skipped":0,"pct":100}}
,"/Users/piyush./Desktop/Streamline/server/src/services/ai/core/providers/gemini.provider.ts": {"lines":{"total":135,"covered":26,"skipped":0,"pct":19.25},"functions":{"total":8,"covered":2,"skipped":0,"pct":25},"statements":{"total":137,"covered":27,"skipped":0,"pct":19.7},"branches":{"total":122,"covered":12,"skipped":0,"pct":9.83}}
,"/Users/piyush./Desktop/Streamline/server/src/services/ai/core/providers/mock.provider.ts": {"lines":{"total":37,"covered":8,"skipped":0,"pct":21.62},"functions":{"total":9,"covered":3,"skipped":0,"pct":33.33},"statements":{"total":39,"covered":9,"skipped":0,"pct":23.07},"branches":{"total":46,"covered":2,"skipped":0,"pct":4.34}}
,"/Users/piyush./Desktop/Streamline/server/src/services/ai/core/providers/openai-compatible.provider.ts": {"lines":{"total":99,"covered":5,"skipped":0,"pct":5.05},"functions":{"total":9,"covered":1,"skipped":0,"pct":11.11},"statements":{"total":104,"covered":5,"skipped":0,"pct":4.8},"branches":{"total":114,"covered":11,"skipped":0,"pct":9.64}}
,"/Users/piyush./Desktop/Streamline/server/src/services/ai/features/newsletter-digest.service.ts": {"lines":{"total":37,"covered":29,"skipped":0,"pct":78.37},"functions":{"total":8,"covered":4,"skipped":0,"pct":50},"statements":{"total":40,"covered":30,"skipped":0,"pct":75},"branches":{"total":30,"covered":14,"skipped":0,"pct":46.66}}
,"/Users/piyush./Desktop/Streamline/server/src/services/ai/features/reply-drafter.service.ts": {"lines":{"total":79,"covered":48,"skipped":0,"pct":60.75},"functions":{"total":4,"covered":3,"skipped":0,"pct":75},"statements":{"total":80,"covered":48,"skipped":0,"pct":60},"branches":{"total":66,"covered":34,"skipped":0,"pct":51.51}}
,"/Users/piyush./Desktop/Streamline/server/src/services/ai/features/style-profiler.service.ts": {"lines":{"total":59,"covered":8,"skipped":0,"pct":13.55},"functions":{"total":8,"covered":3,"skipped":0,"pct":37.5},"statements":{"total":68,"covered":8,"skipped":0,"pct":11.76},"branches":{"total":52,"covered":5,"skipped":0,"pct":9.61}}
,"/Users/piyush./Desktop/Streamline/server/src/services/ai/features/triage.service.ts": {"lines":{"total":50,"covered":32,"skipped":0,"pct":64},"functions":{"total":4,"covered":4,"skipped":0,"pct":100},"statements":{"total":52,"covered":34,"skipped":0,"pct":65.38},"branches":{"total":91,"covered":55,"skipped":0,"pct":60.43}}
,"/Users/piyush./Desktop/Streamline/server/src/services/ai/memory/entity-extractor.service.ts": {"lines":{"total":43,"covered":0,"skipped":0,"pct":0},"functions":{"total":1,"covered":0,"skipped":0,"pct":0},"statements":{"total":45,"covered":0,"skipped":0,"pct":0},"branches":{"total":44,"covered":0,"skipped":0,"pct":0}}
,"/Users/piyush./Desktop/Streamline/server/src/services/ai/memory/extraction.service.ts": {"lines":{"total":32,"covered":31,"skipped":0,"pct":96.87},"functions":{"total":2,"covered":2,"skipped":0,"pct":100},"statements":{"total":33,"covered":31,"skipped":0,"pct":93.93},"branches":{"total":22,"covered":19,"skipped":0,"pct":86.36}}
,"/Users/piyush./Desktop/Streamline/server/src/services/ai/memory/graph-rag.service.ts": {"lines":{"total":57,"covered":6,"skipped":0,"pct":10.52},"functions":{"total":11,"covered":3,"skipped":0,"pct":27.27},"statements":{"total":61,"covered":6,"skipped":0,"pct":9.83},"branches":{"total":22,"covered":1,"skipped":0,"pct":4.54}}
,"/Users/piyush./Desktop/Streamline/server/src/services/ai/memory/memory.service.ts": {"lines":{"total":110,"covered":84,"skipped":0,"pct":76.36},"functions":{"total":15,"covered":10,"skipped":0,"pct":66.66},"statements":{"total":118,"covered":88,"skipped":0,"pct":74.57},"branches":{"total":71,"covered":57,"skipped":0,"pct":80.28}}
,"/Users/piyush./Desktop/Streamline/server/src/services/ai/memory/reranker.service.ts": {"lines":{"total":41,"covered":27,"skipped":0,"pct":65.85},"functions":{"total":7,"covered":5,"skipped":0,"pct":71.42},"statements":{"total":43,"covered":28,"skipped":0,"pct":65.11},"branches":{"total":27,"covered":14,"skipped":0,"pct":51.85}}
,"/Users/piyush./Desktop/Streamline/server/src/services/google/calendar-sync.service.ts": {"lines":{"total":31,"covered":0,"skipped":0,"pct":0},"functions":{"total":1,"covered":0,"skipped":0,"pct":0},"statements":{"total":34,"covered":0,"skipped":0,"pct":0},"branches":{"total":45,"covered":0,"skipped":0,"pct":0}}
,"/Users/piyush./Desktop/Streamline/server/src/services/google/contacts-sync.service.ts": {"lines":{"total":2,"covered":0,"skipped":0,"pct":0},"functions":{"total":1,"covered":0,"skipped":0,"pct":0},"statements":{"total":2,"covered":0,"skipped":0,"pct":0},"branches":{"total":0,"covered":0,"skipped":0,"pct":100}}
,"/Users/piyush./Desktop/Streamline/server/src/services/google/gmail-sync.service.ts": {"lines":{"total":181,"covered":0,"skipped":0,"pct":0},"functions":{"total":18,"covered":0,"skipped":0,"pct":0},"statements":{"total":204,"covered":0,"skipped":0,"pct":0},"branches":{"total":158,"covered":0,"skipped":0,"pct":0}}
,"/Users/piyush./Desktop/Streamline/server/src/services/google/google-sync.service.ts": {"lines":{"total":18,"covered":0,"skipped":0,"pct":0},"functions":{"total":7,"covered":0,"skipped":0,"pct":0},"statements":{"total":18,"covered":0,"skipped":0,"pct":0},"branches":{"total":2,"covered":0,"skipped":0,"pct":0}}
,"/Users/piyush./Desktop/Streamline/server/src/services/google/pubsub.service.ts": {"lines":{"total":33,"covered":12,"skipped":0,"pct":36.36},"functions":{"total":3,"covered":1,"skipped":0,"pct":33.33},"statements":{"total":33,"covered":12,"skipped":0,"pct":36.36},"branches":{"total":14,"covered":2,"skipped":0,"pct":14.28}}
,"/Users/piyush./Desktop/Streamline/server/src/services/google/token-manager.service.ts": {"lines":{"total":58,"covered":49,"skipped":0,"pct":84.48},"functions":{"total":7,"covered":5,"skipped":0,"pct":71.42},"statements":{"total":61,"covered":50,"skipped":0,"pct":81.96},"branches":{"total":36,"covered":24,"skipped":0,"pct":66.66}}
,"/Users/piyush./Desktop/Streamline/server/src/utils/canary.ts": {"lines":{"total":26,"covered":22,"skipped":0,"pct":84.61},"functions":{"total":5,"covered":5,"skipped":0,"pct":100},"statements":{"total":27,"covered":23,"skipped":0,"pct":85.18},"branches":{"total":26,"covered":20,"skipped":0,"pct":76.92}}
,"/Users/piyush./Desktop/Streamline/server/src/utils/context.ts": {"lines":{"total":6,"covered":5,"skipped":0,"pct":83.33},"functions":{"total":5,"covered":4,"skipped":0,"pct":80},"statements":{"total":6,"covered":5,"skipped":0,"pct":83.33},"branches":{"total":2,"covered":2,"skipped":0,"pct":100}}
,"/Users/piyush./Desktop/Streamline/server/src/utils/encryption.ts": {"lines":{"total":58,"covered":54,"skipped":0,"pct":93.1},"functions":{"total":4,"covered":4,"skipped":0,"pct":100},"statements":{"total":58,"covered":54,"skipped":0,"pct":93.1},"branches":{"total":49,"covered":35,"skipped":0,"pct":71.42}}
,"/Users/piyush./Desktop/Streamline/server/src/utils/errors.ts": {"lines":{"total":23,"covered":12,"skipped":0,"pct":52.17},"functions":{"total":4,"covered":2,"skipped":0,"pct":50},"statements":{"total":23,"covered":12,"skipped":0,"pct":52.17},"branches":{"total":19,"covered":9,"skipped":0,"pct":47.36}}
,"/Users/piyush./Desktop/Streamline/server/src/utils/google-oauth.ts": {"lines":{"total":28,"covered":3,"skipped":0,"pct":10.71},"functions":{"total":9,"covered":2,"skipped":0,"pct":22.22},"statements":{"total":28,"covered":3,"skipped":0,"pct":10.71},"branches":{"total":20,"covered":0,"skipped":0,"pct":0}}
,"/Users/piyush./Desktop/Streamline/server/src/utils/logger.ts": {"lines":{"total":4,"covered":3,"skipped":0,"pct":75},"functions":{"total":1,"covered":1,"skipped":0,"pct":100},"statements":{"total":5,"covered":4,"skipped":0,"pct":80},"branches":{"total":12,"covered":4,"skipped":0,"pct":33.33}}
,"/Users/piyush./Desktop/Streamline/server/src/utils/metrics.ts": {"lines":{"total":100,"covered":84,"skipped":0,"pct":84},"functions":{"total":23,"covered":18,"skipped":0,"pct":78.26},"statements":{"total":102,"covered":86,"skipped":0,"pct":84.31},"branches":{"total":46,"covered":36,"skipped":0,"pct":78.26}}
,"/Users/piyush./Desktop/Streamline/server/src/utils/redactor.ts": {"lines":{"total":21,"covered":21,"skipped":0,"pct":100},"functions":{"total":3,"covered":3,"skipped":0,"pct":100},"statements":{"total":25,"covered":24,"skipped":0,"pct":96},"branches":{"total":25,"covered":24,"skipped":0,"pct":96}}
,"/Users/piyush./Desktop/Streamline/server/src/utils/resilience.ts": {"lines":{"total":36,"covered":33,"skipped":0,"pct":91.66},"functions":{"total":4,"covered":3,"skipped":0,"pct":75},"statements":{"total":37,"covered":34,"skipped":0,"pct":91.89},"branches":{"total":29,"covered":26,"skipped":0,"pct":89.65}}
,"/Users/piyush./Desktop/Streamline/server/src/utils/result.ts": {"lines":{"total":25,"covered":25,"skipped":0,"pct":100},"functions":{"total":10,"covered":10,"skipped":0,"pct":100},"statements":{"total":25,"covered":25,"skipped":0,"pct":100},"branches":{"total":12,"covered":10,"skipped":0,"pct":83.33}}
,"/Users/piyush./Desktop/Streamline/server/src/utils/telemetry.ts": {"lines":{"total":56,"covered":47,"skipped":0,"pct":83.92},"functions":{"total":18,"covered":16,"skipped":0,"pct":88.88},"statements":{"total":58,"covered":48,"skipped":0,"pct":82.75},"branches":{"total":23,"covered":18,"skipped":0,"pct":78.26}}
}
