{"/Users/piyush./Desktop/Streamline/server/src/middlewares/asyncHandler.ts": {"path":"/Users/piyush./Desktop/Streamline/server/src/middlewares/asyncHandler.ts","statementMap":{"0":{"start":{"line":4,"column":2},"end":{"line":13,"column":null}},"1":{"start":{"line":5,"column":4},"end":{"line":12,"column":null}},"2":{"start":{"line":6,"column":6},"end":{"line":11,"column":null}},"3":{"start":{"line":7,"column":8},"end":{"line":7,"column":null}},"4":{"start":{"line":9,"column":23},"end":{"line":9,"column":null}},"5":{"start":{"line":10,"column":8},"end":{"line":10,"column":null}}},"fnMap":{"0":{"name":"asyncHandler","decl":{"start":{"line":3,"column":16},"end":{"line":3,"column":29}},"loc":{"start":{"line":3,"column":43},"end":{"line":14,"column":null}},"line":3},"1":{"name":"(anonymous_1)","decl":{"start":{"line":4,"column":2},"end":{"line":4,"column":10}},"loc":{"start":{"line":4,"column":63},"end":{"line":13,"column":null}},"line":4},"2":{"name":"(anonymous_2)","decl":{"start":{"line":5,"column":47},"end":{"line":5,"column":54}},"loc":{"start":{"line":5,"column":62},"end":{"line":12,"column":5}},"line":5}},"branchMap":{"0":{"loc":{"start":{"line":6,"column":6},"end":{"line":11,"column":null}},"type":"if","locations":[{"start":{"line":6,"column":6},"end":{"line":11,"column":null}},{"start":{"line":8,"column":13},"end":{"line":11,"column":null}}],"line":6},"1":{"loc":{"start":{"line":9,"column":23},"end":{"line":9,"column":null}},"type":"binary-expr","locations":[{"start":{"line":9,"column":23},"end":{"line":9,"column":42}},{"start":{"line":9,"column":42},"end":{"line":9,"column":null}}],"line":9},"2":{"loc":{"start":{"line":10,"column":41},"end":{"line":10,"column":81}},"type":"binary-expr","locations":[{"start":{"line":10,"column":41},"end":{"line":10,"column":57}},{"start":{"line":10,"column":57},"end":{"line":10,"column":81}}],"line":10}},"s":{"0":17,"1":5,"2":1,"3":0,"4":1,"5":1},"f":{"0":17,"1":5,"2":1},"b":{"0":[0,1],"1":[1,0],"2":[1,0]},"meta":{"lastBranch":3,"lastFunction":3,"lastStatement":6,"seen":{"f:3:16:3:29":0,"s:4:2:13:Infinity":0,"f:4:2:4:10":1,"s:5:4:12:Infinity":1,"f:5:47:5:54":2,"b:6:6:11:Infinity:8:13:11:Infinity":0,"s:6:6:11:Infinity":2,"s:7:8:7:Infinity":3,"s:9:23:9:Infinity":4,"b:9:23:9:42:9:42:9:Infinity":1,"s:10:8:10:Infinity":5,"b:10:41:10:57:10:57:10:81":2},"fnNames":{}}}
,"/Users/piyush./Desktop/Streamline/server/src/middlewares/auth.ts": {"path":"/Users/piyush./Desktop/Streamline/server/src/middlewares/auth.ts","statementMap":{"0":{"start":{"line":15,"column":21},"end":{"line":15,"column":null}},"1":{"start":{"line":16,"column":16},"end":{"line":18,"column":null}},"2":{"start":{"line":20,"column":2},"end":{"line":26,"column":null}},"3":{"start":{"line":21,"column":4},"end":{"line":23,"column":null}},"4":{"start":{"line":22,"column":6},"end":{"line":22,"column":null}},"5":{"start":{"line":24,"column":4},"end":{"line":24,"column":null}},"6":{"start":{"line":25,"column":4},"end":{"line":25,"column":null}},"7":{"start":{"line":28,"column":2},"end":{"line":41,"column":null}},"8":{"start":{"line":29,"column":20},"end":{"line":29,"column":null}},"9":{"start":{"line":30,"column":4},"end":{"line":30,"column":null}},"10":{"start":{"line":31,"column":18},"end":{"line":31,"column":null}},"11":{"start":{"line":32,"column":4},"end":{"line":34,"column":null}},"12":{"start":{"line":33,"column":6},"end":{"line":33,"column":null}},"13":{"start":{"line":35,"column":4},"end":{"line":35,"column":null}},"14":{"start":{"line":37,"column":4},"end":{"line":39,"column":null}},"15":{"start":{"line":38,"column":6},"end":{"line":38,"column":null}},"16":{"start":{"line":40,"column":4},"end":{"line":40,"column":null}}},"fnMap":{"0":{"name":"authenticate","decl":{"start":{"line":14,"column":16},"end":{"line":14,"column":29}},"loc":{"start":{"line":14,"column":97},"end":{"line":42,"column":null}},"line":14}},"branchMap":{"0":{"loc":{"start":{"line":16,"column":16},"end":{"line":18,"column":null}},"type":"cond-expr","locations":[{"start":{"line":17,"column":6},"end":{"line":17,"column":null}},{"start":{"line":18,"column":6},"end":{"line":18,"column":null}}],"line":16},"1":{"loc":{"start":{"line":18,"column":6},"end":{"line":18,"column":null}},"type":"binary-expr","locations":[{"start":{"line":18,"column":6},"end":{"line":18,"column":37}},{"start":{"line":18,"column":37},"end":{"line":18,"column":null}}],"line":18},"2":{"loc":{"start":{"line":18,"column":37},"end":{"line":18,"column":null}},"type":"cond-expr","locations":[{"start":{"line":18,"column":76},"end":{"line":18,"column":94}},{"start":{"line":18,"column":94},"end":{"line":18,"column":null}}],"line":18},"3":{"loc":{"start":{"line":20,"column":2},"end":{"line":26,"column":null}},"type":"if","locations":[{"start":{"line":20,"column":2},"end":{"line":26,"column":null}},{"start":{},"end":{}}],"line":20},"4":{"loc":{"start":{"line":21,"column":4},"end":{"line":23,"column":null}},"type":"if","locations":[{"start":{"line":21,"column":4},"end":{"line":23,"column":null}},{"start":{},"end":{}}],"line":21},"5":{"loc":{"start":{"line":32,"column":4},"end":{"line":34,"column":null}},"type":"if","locations":[{"start":{"line":32,"column":4},"end":{"line":34,"column":null}},{"start":{},"end":{}}],"line":32},"6":{"loc":{"start":{"line":37,"column":4},"end":{"line":39,"column":null}},"type":"if","locations":[{"start":{"line":37,"column":4},"end":{"line":39,"column":null}},{"start":{},"end":{}}],"line":37}},"s":{"0":0,"1":0,"2":0,"3":0,"4":0,"5":0,"6":0,"7":0,"8":0,"9":0,"10":0,"11":0,"12":0,"13":0,"14":0,"15":0,"16":0},"f":{"0":0},"b":{"0":[0,0],"1":[0,0],"2":[0,0],"3":[0,0],"4":[0,0],"5":[0,0],"6":[0,0]},"meta":{"lastBranch":7,"lastFunction":1,"lastStatement":17,"seen":{"f:14:16:14:29":0,"s:15:21:15:Infinity":0,"s:16:16:18:Infinity":1,"b:17:6:17:Infinity:18:6:18:Infinity":0,"b:18:6:18:37:18:37:18:Infinity":1,"b:18:76:18:94:18:94:18:Infinity":2,"b:20:2:26:Infinity:undefined:undefined:undefined:undefined":3,"s:20:2:26:Infinity":2,"b:21:4:23:Infinity:undefined:undefined:undefined:undefined":4,"s:21:4:23:Infinity":3,"s:22:6:22:Infinity":4,"s:24:4:24:Infinity":5,"s:25:4:25:Infinity":6,"s:28:2:41:Infinity":7,"s:29:20:29:Infinity":8,"s:30:4:30:Infinity":9,"s:31:18:31:Infinity":10,"b:32:4:34:Infinity:undefined:undefined:undefined:undefined":5,"s:32:4:34:Infinity":11,"s:33:6:33:Infinity":12,"s:35:4:35:Infinity":13,"b:37:4:39:Infinity:undefined:undefined:undefined:undefined":6,"s:37:4:39:Infinity":14,"s:38:6:38:Infinity":15,"s:40:4:40:Infinity":16},"fnNames":{}}}
,"/Users/piyush./Desktop/Streamline/server/src/middlewares/errorHandler.ts": {"path":"/Users/piyush./Desktop/Streamline/server/src/middlewares/errorHandler.ts","statementMap":{"0":{"start":{"line":13,"column":2},"end":{"line":15,"column":null}},"1":{"start":{"line":14,"column":4},"end":{"line":14,"column":null}},"2":{"start":{"line":17,"column":16},"end":{"line":17,"column":null}},"3":{"start":{"line":20,"column":2},"end":{"line":34,"column":null}},"4":{"start":{"line":21,"column":4},"end":{"line":25,"column":null}},"5":{"start":{"line":22,"column":6},"end":{"line":22,"column":null}},"6":{"start":{"line":24,"column":6},"end":{"line":24,"column":null}},"7":{"start":{"line":27,"column":4},"end":{"line":32,"column":null}},"8":{"start":{"line":33,"column":4},"end":{"line":33,"column":null}},"9":{"start":{"line":37,"column":2},"end":{"line":51,"column":null}},"10":{"start":{"line":38,"column":20},"end":{"line":41,"column":null}},"11":{"start":{"line":38,"column":43},"end":{"line":41,"column":6}},"12":{"start":{"line":42,"column":4},"end":{"line":42,"column":null}},"13":{"start":{"line":44,"column":4},"end":{"line":49,"column":null}},"14":{"start":{"line":50,"column":4},"end":{"line":50,"column":null}},"15":{"start":{"line":54,"column":2},"end":{"line":61,"column":null}},"16":{"start":{"line":55,"column":4},"end":{"line":59,"column":null}},"17":{"start":{"line":60,"column":4},"end":{"line":60,"column":null}},"18":{"start":{"line":64,"column":19},"end":{"line":64,"column":null}},"19":{"start":{"line":65,"column":2},"end":{"line":68,"column":null}},"20":{"start":{"line":70,"column":17},"end":{"line":70,"column":null}},"21":{"start":{"line":71,"column":2},"end":{"line":76,"column":null}}},"fnMap":{"0":{"name":"errorHandler","decl":{"start":{"line":7,"column":16},"end":{"line":7,"column":null}},"loc":{"start":{"line":12,"column":8},"end":{"line":77,"column":null}},"line":12},"1":{"name":"(anonymous_1)","decl":{"start":{"line":38,"column":31},"end":{"line":38,"column":36}},"loc":{"start":{"line":38,"column":43},"end":{"line":41,"column":6}},"line":38}},"branchMap":{"0":{"loc":{"start":{"line":13,"column":2},"end":{"line":15,"column":null}},"type":"if","locations":[{"start":{"line":13,"column":2},"end":{"line":15,"column":null}},{"start":{},"end":{}}],"line":13},"1":{"loc":{"start":{"line":17,"column":16},"end":{"line":17,"column":null}},"type":"binary-expr","locations":[{"start":{"line":17,"column":16},"end":{"line":17,"column":26}},{"start":{"line":17,"column":26},"end":{"line":17,"column":null}}],"line":17},"2":{"loc":{"start":{"line":20,"column":2},"end":{"line":34,"column":null}},"type":"if","locations":[{"start":{"line":20,"column":2},"end":{"line":34,"column":null}},{"start":{},"end":{}}],"line":20},"3":{"loc":{"start":{"line":21,"column":4},"end":{"line":25,"column":null}},"type":"if","locations":[{"start":{"line":21,"column":4},"end":{"line":25,"column":null}},{"start":{"line":23,"column":11},"end":{"line":25,"column":null}}],"line":21},"4":{"loc":{"start":{"line":37,"column":2},"end":{"line":51,"column":null}},"type":"if","locations":[{"start":{"line":37,"column":2},"end":{"line":51,"column":null}},{"start":{},"end":{}}],"line":37},"5":{"loc":{"start":{"line":54,"column":2},"end":{"line":61,"column":null}},"type":"if","locations":[{"start":{"line":54,"column":2},"end":{"line":61,"column":null}},{"start":{},"end":{}}],"line":54},"6":{"loc":{"start":{"line":54,"column":6},"end":{"line":54,"column":51}},"type":"binary-expr","locations":[{"start":{"line":54,"column":6},"end":{"line":54,"column":36}},{"start":{"line":54,"column":36},"end":{"line":54,"column":51}}],"line":54},"7":{"loc":{"start":{"line":64,"column":19},"end":{"line":64,"column":null}},"type":"cond-expr","locations":[{"start":{"line":64,"column":42},"end":{"line":64,"column":48}},{"start":{"line":64,"column":48},"end":{"line":64,"column":null}}],"line":64},"8":{"loc":{"start":{"line":72,"column":11},"end":{"line":72,"column":null}},"type":"cond-expr","locations":[{"start":{"line":72,"column":20},"end":{"line":72,"column":46}},{"start":{"line":72,"column":46},"end":{"line":72,"column":null}}],"line":72},"9":{"loc":{"start":{"line":75,"column":8},"end":{"line":75,"column":null}},"type":"cond-expr","locations":[{"start":{"line":75,"column":17},"end":{"line":75,"column":22}},{"start":{"line":75,"column":22},"end":{"line":75,"column":null}}],"line":75}},"s":{"0":1,"1":0,"2":1,"3":1,"4":1,"5":0,"6":1,"7":1,"8":1,"9":0,"10":0,"11":0,"12":0,"13":0,"14":0,"15":0,"16":0,"17":0,"18":0,"19":1,"20":1,"21":1},"f":{"0":1,"1":0},"b":{"0":[0,1],"1":[1,0],"2":[1,0],"3":[0,1],"4":[0,0],"5":[0,0],"6":[0,0],"7":[0,0],"8":[0,0],"9":[0,0]},"meta":{"lastBranch":10,"lastFunction":2,"lastStatement":22,"seen":{"f:7:16:7:Infinity":0,"b:13:2:15:Infinity:undefined:undefined:undefined:undefined":0,"s:13:2:15:Infinity":0,"s:14:4:14:Infinity":1,"s:17:16:17:Infinity":2,"b:17:16:17:26:17:26:17:Infinity":1,"b:20:2:34:Infinity:undefined:undefined:undefined:undefined":2,"s:20:2:34:Infinity":3,"b:21:4:25:Infinity:23:11:25:Infinity":3,"s:21:4:25:Infinity":4,"s:22:6:22:Infinity":5,"s:24:6:24:Infinity":6,"s:27:4:32:Infinity":7,"s:33:4:33:Infinity":8,"b:37:2:51:Infinity:undefined:undefined:undefined:undefined":4,"s:37:2:51:Infinity":9,"s:38:20:41:Infinity":10,"f:38:31:38:36":1,"s:38:43:41:6":11,"s:42:4:42:Infinity":12,"s:44:4:49:Infinity":13,"s:50:4:50:Infinity":14,"b:54:2:61:Infinity:undefined:undefined:undefined:undefined":5,"s:54:2:61:Infinity":15,"b:54:6:54:36:54:36:54:51":6,"s:55:4:59:Infinity":16,"s:60:4:60:Infinity":17,"s:64:19:64:Infinity":18,"b:64:42:64:48:64:48:64:Infinity":7,"s:65:2:68:Infinity":19,"s:70:17:70:Infinity":20,"s:71:2:76:Infinity":21,"b:72:20:72:46:72:46:72:Infinity":8,"b:75:17:75:22:75:22:75:Infinity":9},"fnNames":{}}}
,"/Users/piyush./Desktop/Streamline/server/src/middlewares/notFound.ts": {"path":"/Users/piyush./Desktop/Streamline/server/src/middlewares/notFound.ts","statementMap":{"0":{"start":{"line":5,"column":2},"end":{"line":5,"column":null}}},"fnMap":{"0":{"name":"notFoundHandler","decl":{"start":{"line":4,"column":16},"end":{"line":4,"column":32}},"loc":{"start":{"line":4,"column":88},"end":{"line":6,"column":null}},"line":4}},"branchMap":{},"s":{"0":0},"f":{"0":0},"b":{},"meta":{"lastBranch":0,"lastFunction":1,"lastStatement":1,"seen":{"f:4:16:4:32":0,"s:5:2:5:Infinity":0},"fnNames":{}}}
,"/Users/piyush./Desktop/Streamline/server/src/middlewares/rateLimiter.ts": {"path":"/Users/piyush./Desktop/Streamline/server/src/middlewares/rateLimiter.ts","statementMap":{"0":{"start":{"line":6,"column":14},"end":{"line":6,"column":null}},"1":{"start":{"line":13,"column":2},"end":{"line":15,"column":null}},"2":{"start":{"line":14,"column":4},"end":{"line":14,"column":null}},"3":{"start":{"line":18,"column":21},"end":{"line":18,"column":null}},"4":{"start":{"line":19,"column":2},"end":{"line":28,"column":null}},"5":{"start":{"line":20,"column":18},"end":{"line":20,"column":null}},"6":{"start":{"line":21,"column":4},"end":{"line":27,"column":null}},"7":{"start":{"line":22,"column":22},"end":{"line":22,"column":null}},"8":{"start":{"line":23,"column":6},"end":{"line":23,"column":null}},"9":{"start":{"line":23,"column":23},"end":{"line":23,"column":null}},"10":{"start":{"line":24,"column":6},"end":{"line":24,"column":null}},"11":{"start":{"line":24,"column":27},"end":{"line":24,"column":null}},"12":{"start":{"line":31,"column":2},"end":{"line":39,"column":null}},"13":{"start":{"line":32,"column":4},"end":{"line":38,"column":null}},"14":{"start":{"line":33,"column":22},"end":{"line":33,"column":null}},"15":{"start":{"line":34,"column":6},"end":{"line":34,"column":null}},"16":{"start":{"line":34,"column":23},"end":{"line":34,"column":null}},"17":{"start":{"line":35,"column":6},"end":{"line":35,"column":null}},"18":{"start":{"line":35,"column":27},"end":{"line":35,"column":null}},"19":{"start":{"line":41,"column":2},"end":{"line":41,"column":null}},"20":{"start":{"line":45,"column":31},"end":{"line":53,"column":null}},"21":{"start":{"line":56,"column":29},"end":{"line":64,"column":null}},"22":{"start":{"line":67,"column":30},"end":{"line":67,"column":null}},"23":{"start":{"line":70,"column":31},"end":{"line":80,"column":null}},"24":{"start":{"line":75,"column":47},"end":{"line":75,"column":null}},"25":{"start":{"line":83,"column":31},"end":{"line":93,"column":null}},"26":{"start":{"line":88,"column":47},"end":{"line":88,"column":null}},"27":{"start":{"line":96,"column":36},"end":{"line":106,"column":null}},"28":{"start":{"line":101,"column":47},"end":{"line":101,"column":null}}},"fnMap":{"0":{"name":"extractUserOrIpKey","decl":{"start":{"line":12,"column":9},"end":{"line":12,"column":28}},"loc":{"start":{"line":12,"column":63},"end":{"line":42,"column":null}},"line":12},"1":{"name":"(anonymous_1)","decl":{"start":{"line":75,"column":2},"end":{"line":75,"column":17}},"loc":{"start":{"line":75,"column":47},"end":{"line":75,"column":null}},"line":75},"2":{"name":"(anonymous_2)","decl":{"start":{"line":88,"column":2},"end":{"line":88,"column":17}},"loc":{"start":{"line":88,"column":47},"end":{"line":88,"column":null}},"line":88},"3":{"name":"(anonymous_3)","decl":{"start":{"line":101,"column":2},"end":{"line":101,"column":17}},"loc":{"start":{"line":101,"column":47},"end":{"line":101,"column":null}},"line":101}},"branchMap":{"0":{"loc":{"start":{"line":13,"column":2},"end":{"line":15,"column":null}},"type":"if","locations":[{"start":{"line":13,"column":2},"end":{"line":15,"column":null}},{"start":{},"end":{}}],"line":13},"1":{"loc":{"start":{"line":19,"column":2},"end":{"line":28,"column":null}},"type":"if","locations":[{"start":{"line":19,"column":2},"end":{"line":28,"column":null}},{"start":{},"end":{}}],"line":19},"2":{"loc":{"start":{"line":19,"column":6},"end":{"line":19,"column":54}},"type":"binary-expr","locations":[{"start":{"line":19,"column":6},"end":{"line":19,"column":20}},{"start":{"line":19,"column":20},"end":{"line":19,"column":54}}],"line":19},"3":{"loc":{"start":{"line":23,"column":6},"end":{"line":23,"column":null}},"type":"if","locations":[{"start":{"line":23,"column":6},"end":{"line":23,"column":null}},{"start":{},"end":{}}],"line":23},"4":{"loc":{"start":{"line":24,"column":6},"end":{"line":24,"column":null}},"type":"if","locations":[{"start":{"line":24,"column":6},"end":{"line":24,"column":null}},{"start":{},"end":{}}],"line":24},"5":{"loc":{"start":{"line":31,"column":2},"end":{"line":39,"column":null}},"type":"if","locations":[{"start":{"line":31,"column":2},"end":{"line":39,"column":null}},{"start":{},"end":{}}],"line":31},"6":{"loc":{"start":{"line":34,"column":6},"end":{"line":34,"column":null}},"type":"if","locations":[{"start":{"line":34,"column":6},"end":{"line":34,"column":null}},{"start":{},"end":{}}],"line":34},"7":{"loc":{"start":{"line":35,"column":6},"end":{"line":35,"column":null}},"type":"if","locations":[{"start":{"line":35,"column":6},"end":{"line":35,"column":null}},{"start":{},"end":{}}],"line":35},"8":{"loc":{"start":{"line":41,"column":9},"end":{"line":41,"column":null}},"type":"cond-expr","locations":[{"start":{"line":41,"column":18},"end":{"line":41,"column":43}},{"start":{"line":41,"column":43},"end":{"line":41,"column":null}}],"line":41},"9":{"loc":{"start":{"line":47,"column":7},"end":{"line":47,"column":null}},"type":"cond-expr","locations":[{"start":{"line":47,"column":15},"end":{"line":47,"column":21}},{"start":{"line":47,"column":21},"end":{"line":47,"column":null}}],"line":47},"10":{"loc":{"start":{"line":58,"column":7},"end":{"line":58,"column":null}},"type":"cond-expr","locations":[{"start":{"line":58,"column":15},"end":{"line":58,"column":22}},{"start":{"line":58,"column":22},"end":{"line":58,"column":null}}],"line":58},"11":{"loc":{"start":{"line":72,"column":7},"end":{"line":72,"column":null}},"type":"cond-expr","locations":[{"start":{"line":72,"column":15},"end":{"line":72,"column":22}},{"start":{"line":72,"column":22},"end":{"line":72,"column":null}}],"line":72},"12":{"loc":{"start":{"line":85,"column":7},"end":{"line":85,"column":null}},"type":"cond-expr","locations":[{"start":{"line":85,"column":15},"end":{"line":85,"column":20}},{"start":{"line":85,"column":20},"end":{"line":85,"column":null}}],"line":85},"13":{"loc":{"start":{"line":98,"column":7},"end":{"line":98,"column":null}},"type":"cond-expr","locations":[{"start":{"line":98,"column":15},"end":{"line":98,"column":20}},{"start":{"line":98,"column":20},"end":{"line":98,"column":null}}],"line":98}},"s":{"0":1,"1":0,"2":0,"3":0,"4":0,"5":0,"6":0,"7":0,"8":0,"9":0,"10":0,"11":0,"12":0,"13":0,"14":0,"15":0,"16":0,"17":0,"18":0,"19":0,"20":1,"21":1,"22":1,"23":1,"24":0,"25":1,"26":0,"27":1,"28":0},"f":{"0":0,"1":0,"2":0,"3":0},"b":{"0":[0,0],"1":[0,0],"2":[0,0],"3":[0,0],"4":[0,0],"5":[0,0],"6":[0,0],"7":[0,0],"8":[0,0],"9":[0,1],"10":[0,1],"11":[0,1],"12":[0,1],"13":[0,1]},"meta":{"lastBranch":14,"lastFunction":4,"lastStatement":29,"seen":{"s:6:14:6:Infinity":0,"f:12:9:12:28":0,"b:13:2:15:Infinity:undefined:undefined:undefined:undefined":0,"s:13:2:15:Infinity":1,"s:14:4:14:Infinity":2,"s:18:21:18:Infinity":3,"b:19:2:28:Infinity:undefined:undefined:undefined:undefined":1,"s:19:2:28:Infinity":4,"b:19:6:19:20:19:20:19:54":2,"s:20:18:20:Infinity":5,"s:21:4:27:Infinity":6,"s:22:22:22:Infinity":7,"b:23:6:23:Infinity:undefined:undefined:undefined:undefined":3,"s:23:6:23:Infinity":8,"s:23:23:23:Infinity":9,"b:24:6:24:Infinity:undefined:undefined:undefined:undefined":4,"s:24:6:24:Infinity":10,"s:24:27:24:Infinity":11,"b:31:2:39:Infinity:undefined:undefined:undefined:undefined":5,"s:31:2:39:Infinity":12,"s:32:4:38:Infinity":13,"s:33:22:33:Infinity":14,"b:34:6:34:Infinity:undefined:undefined:undefined:undefined":6,"s:34:6:34:Infinity":15,"s:34:23:34:Infinity":16,"b:35:6:35:Infinity:undefined:undefined:undefined:undefined":7,"s:35:6:35:Infinity":17,"s:35:27:35:Infinity":18,"s:41:2:41:Infinity":19,"b:41:18:41:43:41:43:41:Infinity":8,"s:45:31:53:Infinity":20,"b:47:15:47:21:47:21:47:Infinity":9,"s:56:29:64:Infinity":21,"b:58:15:58:22:58:22:58:Infinity":10,"s:67:30:67:Infinity":22,"s:70:31:80:Infinity":23,"b:72:15:72:22:72:22:72:Infinity":11,"f:75:2:75:17":1,"s:75:47:75:Infinity":24,"s:83:31:93:Infinity":25,"b:85:15:85:20:85:20:85:Infinity":12,"f:88:2:88:17":2,"s:88:47:88:Infinity":26,"s:96:36:106:Infinity":27,"b:98:15:98:20:98:20:98:Infinity":13,"f:101:2:101:17":3,"s:101:47:101:Infinity":28},"fnNames":{}}}
,"/Users/piyush./Desktop/Streamline/server/src/middlewares/requestId.ts": {"path":"/Users/piyush./Desktop/Streamline/server/src/middlewares/requestId.ts","statementMap":{"0":{"start":{"line":14,"column":21},"end":{"line":14,"column":null}},"1":{"start":{"line":15,"column":13},"end":{"line":15,"column":null}},"2":{"start":{"line":16,"column":2},"end":{"line":16,"column":null}},"3":{"start":{"line":17,"column":2},"end":{"line":17,"column":null}},"4":{"start":{"line":19,"column":2},"end":{"line":27,"column":null}},"5":{"start":{"line":25,"column":6},"end":{"line":25,"column":null}}},"fnMap":{"0":{"name":"requestId","decl":{"start":{"line":13,"column":16},"end":{"line":13,"column":26}},"loc":{"start":{"line":13,"column":81},"end":{"line":28,"column":null}},"line":13},"1":{"name":"(anonymous_1)","decl":{"start":{"line":23,"column":4},"end":{"line":23,"column":null}},"loc":{"start":{"line":24,"column":10},"end":{"line":26,"column":null}},"line":24}},"branchMap":{"0":{"loc":{"start":{"line":15,"column":13},"end":{"line":15,"column":null}},"type":"binary-expr","locations":[{"start":{"line":15,"column":13},"end":{"line":15,"column":27}},{"start":{"line":15,"column":27},"end":{"line":15,"column":null}}],"line":15}},"s":{"0":1,"1":1,"2":1,"3":1,"4":1,"5":1},"f":{"0":1,"1":1},"b":{"0":[1,1]},"meta":{"lastBranch":1,"lastFunction":2,"lastStatement":6,"seen":{"f:13:16:13:26":0,"s:14:21:14:Infinity":0,"s:15:13:15:Infinity":1,"b:15:13:15:27:15:27:15:Infinity":0,"s:16:2:16:Infinity":2,"s:17:2:17:Infinity":3,"s:19:2:27:Infinity":4,"f:23:4:23:Infinity":1,"s:25:6:25:Infinity":5},"fnNames":{}}}
,"/Users/piyush./Desktop/Streamline/server/src/middlewares/security.ts": {"path":"/Users/piyush./Desktop/Streamline/server/src/middlewares/security.ts","statementMap":{"0":{"start":{"line":5,"column":31},"end":{"line":38,"column":null}},"1":{"start":{"line":41,"column":2},"end":{"line":41,"column":null}},"2":{"start":{"line":49,"column":2},"end":{"line":51,"column":null}},"3":{"start":{"line":50,"column":4},"end":{"line":50,"column":null}},"4":{"start":{"line":54,"column":2},"end":{"line":56,"column":null}},"5":{"start":{"line":55,"column":4},"end":{"line":55,"column":null}},"6":{"start":{"line":59,"column":24},"end":{"line":59,"column":null}},"7":{"start":{"line":60,"column":21},"end":{"line":60,"column":null}},"8":{"start":{"line":63,"column":2},"end":{"line":73,"column":null}},"9":{"start":{"line":64,"column":23},"end":{"line":64,"column":null}},"10":{"start":{"line":65,"column":23},"end":{"line":65,"column":null}},"11":{"start":{"line":67,"column":4},"end":{"line":72,"column":null}},"12":{"start":{"line":68,"column":6},"end":{"line":70,"column":null}},"13":{"start":{"line":71,"column":6},"end":{"line":71,"column":null}},"14":{"start":{"line":75,"column":2},"end":{"line":75,"column":null}}},"fnMap":{"0":{"name":"generateCsrfToken","decl":{"start":{"line":40,"column":16},"end":{"line":40,"column":44}},"loc":{"start":{"line":40,"column":44},"end":{"line":42,"column":null}},"line":40},"1":{"name":"csrfProtection","decl":{"start":{"line":47,"column":16},"end":{"line":47,"column":31}},"loc":{"start":{"line":47,"column":86},"end":{"line":76,"column":null}},"line":47}},"branchMap":{"0":{"loc":{"start":{"line":49,"column":2},"end":{"line":51,"column":null}},"type":"if","locations":[{"start":{"line":49,"column":2},"end":{"line":51,"column":null}},{"start":{},"end":{}}],"line":49},"1":{"loc":{"start":{"line":54,"column":2},"end":{"line":56,"column":null}},"type":"if","locations":[{"start":{"line":54,"column":2},"end":{"line":56,"column":null}},{"start":{},"end":{}}],"line":54},"2":{"loc":{"start":{"line":54,"column":6},"end":{"line":54,"column":88}},"type":"binary-expr","locations":[{"start":{"line":54,"column":6},"end":{"line":54,"column":50}},{"start":{"line":54,"column":50},"end":{"line":54,"column":88}}],"line":54},"3":{"loc":{"start":{"line":63,"column":2},"end":{"line":73,"column":null}},"type":"if","locations":[{"start":{"line":63,"column":2},"end":{"line":73,"column":null}},{"start":{},"end":{}}],"line":63},"4":{"loc":{"start":{"line":63,"column":6},"end":{"line":63,"column":59}},"type":"binary-expr","locations":[{"start":{"line":63,"column":6},"end":{"line":63,"column":23}},{"start":{"line":63,"column":23},"end":{"line":63,"column":59}}],"line":63},"5":{"loc":{"start":{"line":67,"column":4},"end":{"line":72,"column":null}},"type":"if","locations":[{"start":{"line":67,"column":4},"end":{"line":72,"column":null}},{"start":{},"end":{}}],"line":67},"6":{"loc":{"start":{"line":67,"column":8},"end":{"line":67,"column":65}},"type":"binary-expr","locations":[{"start":{"line":67,"column":8},"end":{"line":67,"column":23}},{"start":{"line":67,"column":23},"end":{"line":67,"column":38}},{"start":{"line":67,"column":38},"end":{"line":67,"column":65}}],"line":67}},"s":{"0":2,"1":3,"2":4,"3":1,"4":3,"5":0,"6":3,"7":4,"8":4,"9":2,"10":2,"11":2,"12":1,"13":1,"14":2},"f":{"0":3,"1":4},"b":{"0":[1,3],"1":[0,3],"2":[3,3],"3":[2,2],"4":[4,2],"5":[1,1],"6":[2,2,2]},"meta":{"lastBranch":7,"lastFunction":2,"lastStatement":15,"seen":{"s:5:31:38:Infinity":0,"f:40:16:40:44":0,"s:41:2:41:Infinity":1,"f:47:16:47:31":1,"b:49:2:51:Infinity:undefined:undefined:undefined:undefined":0,"s:49:2:51:Infinity":2,"s:50:4:50:Infinity":3,"b:54:2:56:Infinity:undefined:undefined:undefined:undefined":1,"s:54:2:56:Infinity":4,"b:54:6:54:50:54:50:54:88":2,"s:55:4:55:Infinity":5,"s:59:24:59:Infinity":6,"s:60:21:60:Infinity":7,"b:63:2:73:Infinity:undefined:undefined:undefined:undefined":3,"s:63:2:73:Infinity":8,"b:63:6:63:23:63:23:63:59":4,"s:64:23:64:Infinity":9,"s:65:23:65:Infinity":10,"b:67:4:72:Infinity:undefined:undefined:undefined:undefined":5,"s:67:4:72:Infinity":11,"b:67:8:67:23:67:23:67:38:67:38:67:65":6,"s:68:6:70:Infinity":12,"s:71:6:71:Infinity":13,"s:75:2:75:Infinity":14},"fnNames":{}}}
,"/Users/piyush./Desktop/Streamline/server/src/middlewares/validate.ts": {"path":"/Users/piyush./Desktop/Streamline/server/src/middlewares/validate.ts","statementMap":{"0":{"start":{"line":5,"column":2},"end":{"line":22,"column":null}},"1":{"start":{"line":6,"column":4},"end":{"line":21,"column":null}},"2":{"start":{"line":7,"column":6},"end":{"line":7,"column":null}},"3":{"start":{"line":8,"column":6},"end":{"line":8,"column":null}},"4":{"start":{"line":10,"column":6},"end":{"line":19,"column":null}},"5":{"start":{"line":11,"column":8},"end":{"line":17,"column":null}},"6":{"start":{"line":13,"column":42},"end":{"line":16,"column":12}},"7":{"start":{"line":18,"column":8},"end":{"line":18,"column":null}},"8":{"start":{"line":20,"column":6},"end":{"line":20,"column":null}},"9":{"start":{"line":26,"column":2},"end":{"line":43,"column":null}},"10":{"start":{"line":27,"column":4},"end":{"line":42,"column":null}},"11":{"start":{"line":28,"column":6},"end":{"line":28,"column":null}},"12":{"start":{"line":29,"column":6},"end":{"line":29,"column":null}},"13":{"start":{"line":31,"column":6},"end":{"line":40,"column":null}},"14":{"start":{"line":32,"column":8},"end":{"line":38,"column":null}},"15":{"start":{"line":34,"column":42},"end":{"line":37,"column":12}},"16":{"start":{"line":39,"column":8},"end":{"line":39,"column":null}},"17":{"start":{"line":41,"column":6},"end":{"line":41,"column":null}},"18":{"start":{"line":47,"column":2},"end":{"line":64,"column":null}},"19":{"start":{"line":48,"column":4},"end":{"line":63,"column":null}},"20":{"start":{"line":49,"column":6},"end":{"line":49,"column":null}},"21":{"start":{"line":50,"column":6},"end":{"line":50,"column":null}},"22":{"start":{"line":52,"column":6},"end":{"line":61,"column":null}},"23":{"start":{"line":53,"column":8},"end":{"line":59,"column":null}},"24":{"start":{"line":55,"column":42},"end":{"line":58,"column":12}},"25":{"start":{"line":60,"column":8},"end":{"line":60,"column":null}},"26":{"start":{"line":62,"column":6},"end":{"line":62,"column":null}}},"fnMap":{"0":{"name":"validateBody","decl":{"start":{"line":4,"column":16},"end":{"line":4,"column":29}},"loc":{"start":{"line":4,"column":48},"end":{"line":23,"column":null}},"line":4},"1":{"name":"(anonymous_1)","decl":{"start":{"line":5,"column":2},"end":{"line":5,"column":10}},"loc":{"start":{"line":5,"column":68},"end":{"line":22,"column":null}},"line":5},"2":{"name":"(anonymous_2)","decl":{"start":{"line":13,"column":30},"end":{"line":13,"column":35}},"loc":{"start":{"line":13,"column":42},"end":{"line":16,"column":12}},"line":13},"3":{"name":"validateParams","decl":{"start":{"line":25,"column":16},"end":{"line":25,"column":31}},"loc":{"start":{"line":25,"column":50},"end":{"line":44,"column":null}},"line":25},"4":{"name":"(anonymous_4)","decl":{"start":{"line":26,"column":2},"end":{"line":26,"column":10}},"loc":{"start":{"line":26,"column":68},"end":{"line":43,"column":null}},"line":26},"5":{"name":"(anonymous_5)","decl":{"start":{"line":34,"column":30},"end":{"line":34,"column":35}},"loc":{"start":{"line":34,"column":42},"end":{"line":37,"column":12}},"line":34},"6":{"name":"validateQuery","decl":{"start":{"line":46,"column":16},"end":{"line":46,"column":30}},"loc":{"start":{"line":46,"column":49},"end":{"line":65,"column":null}},"line":46},"7":{"name":"(anonymous_7)","decl":{"start":{"line":47,"column":2},"end":{"line":47,"column":10}},"loc":{"start":{"line":47,"column":68},"end":{"line":64,"column":null}},"line":47},"8":{"name":"(anonymous_8)","decl":{"start":{"line":55,"column":30},"end":{"line":55,"column":35}},"loc":{"start":{"line":55,"column":42},"end":{"line":58,"column":12}},"line":55}},"branchMap":{"0":{"loc":{"start":{"line":10,"column":6},"end":{"line":19,"column":null}},"type":"if","locations":[{"start":{"line":10,"column":6},"end":{"line":19,"column":null}},{"start":{},"end":{}}],"line":10},"1":{"loc":{"start":{"line":31,"column":6},"end":{"line":40,"column":null}},"type":"if","locations":[{"start":{"line":31,"column":6},"end":{"line":40,"column":null}},{"start":{},"end":{}}],"line":31},"2":{"loc":{"start":{"line":52,"column":6},"end":{"line":61,"column":null}},"type":"if","locations":[{"start":{"line":52,"column":6},"end":{"line":61,"column":null}},{"start":{},"end":{}}],"line":52}},"s":{"0":0,"1":0,"2":0,"3":0,"4":0,"5":0,"6":0,"7":0,"8":0,"9":0,"10":0,"11":0,"12":0,"13":0,"14":0,"15":0,"16":0,"17":0,"18":0,"19":0,"20":0,"21":0,"22":0,"23":0,"24":0,"25":0,"26":0},"f":{"0":0,"1":0,"2":0,"3":0,"4":0,"5":0,"6":0,"7":0,"8":0},"b":{"0":[0,0],"1":[0,0],"2":[0,0]},"meta":{"lastBranch":3,"lastFunction":9,"lastStatement":27,"seen":{"f:4:16:4:29":0,"s:5:2:22:Infinity":0,"f:5:2:5:10":1,"s:6:4:21:Infinity":1,"s:7:6:7:Infinity":2,"s:8:6:8:Infinity":3,"b:10:6:19:Infinity:undefined:undefined:undefined:undefined":0,"s:10:6:19:Infinity":4,"s:11:8:17:Infinity":5,"f:13:30:13:35":2,"s:13:42:16:12":6,"s:18:8:18:Infinity":7,"s:20:6:20:Infinity":8,"f:25:16:25:31":3,"s:26:2:43:Infinity":9,"f:26:2:26:10":4,"s:27:4:42:Infinity":10,"s:28:6:28:Infinity":11,"s:29:6:29:Infinity":12,"b:31:6:40:Infinity:undefined:undefined:undefined:undefined":1,"s:31:6:40:Infinity":13,"s:32:8:38:Infinity":14,"f:34:30:34:35":5,"s:34:42:37:12":15,"s:39:8:39:Infinity":16,"s:41:6:41:Infinity":17,"f:46:16:46:30":6,"s:47:2:64:Infinity":18,"f:47:2:47:10":7,"s:48:4:63:Infinity":19,"s:49:6:49:Infinity":20,"s:50:6:50:Infinity":21,"b:52:6:61:Infinity:undefined:undefined:undefined:undefined":2,"s:52:6:61:Infinity":22,"s:53:8:59:Infinity":23,"f:55:30:55:35":8,"s:55:42:58:12":24,"s:60:8:60:Infinity":25,"s:62:6:62:Infinity":26},"fnNames":{}}}
,"/Users/piyush./Desktop/Streamline/server/src/repositories/accounts.repository.ts": {"path":"/Users/piyush./Desktop/Streamline/server/src/repositories/accounts.repository.ts","statementMap":{"0":{"start":{"line":8,"column":4},"end":{"line":22,"column":null}},"1":{"start":{"line":27,"column":22},"end":{"line":27,"column":null}},"2":{"start":{"line":28,"column":4},"end":{"line":28,"column":null}},"3":{"start":{"line":32,"column":22},"end":{"line":47,"column":null}},"4":{"start":{"line":48,"column":4},"end":{"line":48,"column":null}},"5":{"start":{"line":52,"column":22},"end":{"line":67,"column":null}},"6":{"start":{"line":68,"column":4},"end":{"line":68,"column":null}},"7":{"start":{"line":72,"column":22},"end":{"line":76,"column":null}},"8":{"start":{"line":77,"column":4},"end":{"line":77,"column":null}},"9":{"start":{"line":92,"column":21},"end":{"line":92,"column":null}},"10":{"start":{"line":93,"column":4},"end":{"line":121,"column":null}},"11":{"start":{"line":96,"column":8},"end":{"line":96,"column":null}},"12":{"start":{"line":98,"column":24},"end":{"line":119,"column":null}},"13":{"start":{"line":120,"column":6},"end":{"line":120,"column":null}},"14":{"start":{"line":123,"column":23},"end":{"line":149,"column":null}},"15":{"start":{"line":150,"column":4},"end":{"line":150,"column":null}},"16":{"start":{"line":154,"column":4},"end":{"line":154,"column":null}},"17":{"start":{"line":158,"column":47},"end":{"line":158,"column":null}},"18":{"start":{"line":159,"column":4},"end":{"line":159,"column":null}},"19":{"start":{"line":159,"column":34},"end":{"line":159,"column":null}},"20":{"start":{"line":160,"column":4},"end":{"line":160,"column":null}},"21":{"start":{"line":160,"column":34},"end":{"line":160,"column":null}},"22":{"start":{"line":162,"column":22},"end":{"line":177,"column":null}},"23":{"start":{"line":179,"column":4},"end":{"line":179,"column":null}},"24":{"start":{"line":183,"column":23},"end":{"line":183,"column":null}},"25":{"start":{"line":184,"column":4},"end":{"line":186,"column":null}},"26":{"start":{"line":185,"column":6},"end":{"line":185,"column":null}},"27":{"start":{"line":187,"column":22},"end":{"line":198,"column":null}},"28":{"start":{"line":199,"column":4},"end":{"line":199,"column":null}},"29":{"start":{"line":203,"column":34},"end":{"line":203,"column":null}}},"fnMap":{"0":{"name":"findByUserId","decl":{"start":{"line":7,"column":8},"end":{"line":7,"column":21}},"loc":{"start":{"line":7,"column":37},"end":{"line":23,"column":null}},"line":7},"1":{"name":"findInternalById","decl":{"start":{"line":26,"column":8},"end":{"line":26,"column":25}},"loc":{"start":{"line":26,"column":37},"end":{"line":29,"column":null}},"line":26},"2":{"name":"findById","decl":{"start":{"line":31,"column":8},"end":{"line":31,"column":17}},"loc":{"start":{"line":31,"column":29},"end":{"line":49,"column":null}},"line":31},"3":{"name":"findByIdAndUserId","decl":{"start":{"line":51,"column":8},"end":{"line":51,"column":26}},"loc":{"start":{"line":51,"column":54},"end":{"line":69,"column":null}},"line":51},"4":{"name":"findByUserAndProviderAccountId","decl":{"start":{"line":71,"column":8},"end":{"line":71,"column":39}},"loc":{"start":{"line":71,"column":82},"end":{"line":78,"column":null}},"line":71},"5":{"name":"upsertAccount","decl":{"start":{"line":80,"column":8},"end":{"line":80,"column":22}},"loc":{"start":{"line":91,"column":5},"end":{"line":151,"column":null}},"line":91},"6":{"name":"delete","decl":{"start":{"line":153,"column":8},"end":{"line":153,"column":15}},"loc":{"start":{"line":153,"column":43},"end":{"line":155,"column":null}},"line":153},"7":{"name":"updateAccountDetails","decl":{"start":{"line":157,"column":8},"end":{"line":157,"column":29}},"loc":{"start":{"line":157,"column":99},"end":{"line":180,"column":null}},"line":157},"8":{"name":"updateAccountStatus","decl":{"start":{"line":182,"column":8},"end":{"line":182,"column":28}},"loc":{"start":{"line":182,"column":118},"end":{"line":200,"column":null}},"line":182}},"branchMap":{"0":{"loc":{"start":{"line":28,"column":11},"end":{"line":28,"column":null}},"type":"binary-expr","locations":[{"start":{"line":28,"column":11},"end":{"line":28,"column":22}},{"start":{"line":28,"column":22},"end":{"line":28,"column":null}}],"line":28},"1":{"loc":{"start":{"line":48,"column":11},"end":{"line":48,"column":null}},"type":"binary-expr","locations":[{"start":{"line":48,"column":11},"end":{"line":48,"column":22}},{"start":{"line":48,"column":22},"end":{"line":48,"column":null}}],"line":48},"2":{"loc":{"start":{"line":68,"column":11},"end":{"line":68,"column":null}},"type":"binary-expr","locations":[{"start":{"line":68,"column":11},"end":{"line":68,"column":22}},{"start":{"line":68,"column":22},"end":{"line":68,"column":null}}],"line":68},"3":{"loc":{"start":{"line":77,"column":11},"end":{"line":77,"column":null}},"type":"binary-expr","locations":[{"start":{"line":77,"column":11},"end":{"line":77,"column":22}},{"start":{"line":77,"column":22},"end":{"line":77,"column":null}}],"line":77},"4":{"loc":{"start":{"line":93,"column":4},"end":{"line":121,"column":null}},"type":"if","locations":[{"start":{"line":93,"column":4},"end":{"line":121,"column":null}},{"start":{},"end":{}}],"line":93},"5":{"loc":{"start":{"line":96,"column":8},"end":{"line":96,"column":null}},"type":"cond-expr","locations":[{"start":{"line":96,"column":67},"end":{"line":96,"column":87}},{"start":{"line":96,"column":87},"end":{"line":96,"column":null}}],"line":96},"6":{"loc":{"start":{"line":96,"column":8},"end":{"line":96,"column":67}},"type":"binary-expr","locations":[{"start":{"line":96,"column":8},"end":{"line":96,"column":29}},{"start":{"line":96,"column":29},"end":{"line":96,"column":67}}],"line":96},"7":{"loc":{"start":{"line":132,"column":22},"end":{"line":132,"column":null}},"type":"binary-expr","locations":[{"start":{"line":132,"column":22},"end":{"line":132,"column":43}},{"start":{"line":132,"column":43},"end":{"line":132,"column":null}}],"line":132},"8":{"loc":{"start":{"line":159,"column":4},"end":{"line":159,"column":null}},"type":"if","locations":[{"start":{"line":159,"column":4},"end":{"line":159,"column":null}},{"start":{},"end":{}}],"line":159},"9":{"loc":{"start":{"line":160,"column":4},"end":{"line":160,"column":null}},"type":"if","locations":[{"start":{"line":160,"column":4},"end":{"line":160,"column":null}},{"start":{},"end":{}}],"line":160},"10":{"loc":{"start":{"line":179,"column":11},"end":{"line":179,"column":null}},"type":"binary-expr","locations":[{"start":{"line":179,"column":11},"end":{"line":179,"column":22}},{"start":{"line":179,"column":22},"end":{"line":179,"column":null}}],"line":179},"11":{"loc":{"start":{"line":184,"column":4},"end":{"line":186,"column":null}},"type":"if","locations":[{"start":{"line":184,"column":4},"end":{"line":186,"column":null}},{"start":{},"end":{}}],"line":184},"12":{"loc":{"start":{"line":199,"column":11},"end":{"line":199,"column":null}},"type":"binary-expr","locations":[{"start":{"line":199,"column":11},"end":{"line":199,"column":22}},{"start":{"line":199,"column":22},"end":{"line":199,"column":null}}],"line":199}},"s":{"0":2,"1":0,"2":0,"3":1,"4":1,"5":1,"6":1,"7":0,"8":0,"9":1,"10":1,"11":0,"12":0,"13":0,"14":1,"15":1,"16":0,"17":1,"18":1,"19":1,"20":1,"21":0,"22":1,"23":1,"24":0,"25":0,"26":0,"27":0,"28":0,"29":3},"f":{"0":2,"1":0,"2":1,"3":1,"4":0,"5":1,"6":0,"7":1,"8":0},"b":{"0":[0,0],"1":[1,0],"2":[1,1],"3":[0,0],"4":[0,1],"5":[0,0],"6":[0,0],"7":[1,0],"8":[1,0],"9":[0,1],"10":[1,1],"11":[0,0],"12":[0,0]},"meta":{"lastBranch":13,"lastFunction":9,"lastStatement":30,"seen":{"f:7:8:7:21":0,"s:8:4:22:Infinity":0,"f:26:8:26:25":1,"s:27:22:27:Infinity":1,"s:28:4:28:Infinity":2,"b:28:11:28:22:28:22:28:Infinity":0,"f:31:8:31:17":2,"s:32:22:47:Infinity":3,"s:48:4:48:Infinity":4,"b:48:11:48:22:48:22:48:Infinity":1,"f:51:8:51:26":3,"s:52:22:67:Infinity":5,"s:68:4:68:Infinity":6,"b:68:11:68:22:68:22:68:Infinity":2,"f:71:8:71:39":4,"s:72:22:76:Infinity":7,"s:77:4:77:Infinity":8,"b:77:11:77:22:77:22:77:Infinity":3,"f:80:8:80:22":5,"s:92:21:92:Infinity":9,"b:93:4:121:Infinity:undefined:undefined:undefined:undefined":4,"s:93:4:121:Infinity":10,"s:96:8:96:Infinity":11,"b:96:67:96:87:96:87:96:Infinity":5,"b:96:8:96:29:96:29:96:67":6,"s:98:24:119:Infinity":12,"s:120:6:120:Infinity":13,"s:123:23:149:Infinity":14,"b:132:22:132:43:132:43:132:Infinity":7,"s:150:4:150:Infinity":15,"f:153:8:153:15":6,"s:154:4:154:Infinity":16,"f:157:8:157:29":7,"s:158:47:158:Infinity":17,"b:159:4:159:Infinity:undefined:undefined:undefined:undefined":8,"s:159:4:159:Infinity":18,"s:159:34:159:Infinity":19,"b:160:4:160:Infinity:undefined:undefined:undefined:undefined":9,"s:160:4:160:Infinity":20,"s:160:34:160:Infinity":21,"s:162:22:177:Infinity":22,"s:179:4:179:Infinity":23,"b:179:11:179:22:179:22:179:Infinity":10,"f:182:8:182:28":8,"s:183:23:183:Infinity":24,"b:184:4:186:Infinity:undefined:undefined:undefined:undefined":11,"s:184:4:186:Infinity":25,"s:185:6:185:Infinity":26,"s:187:22:198:Infinity":27,"s:199:4:199:Infinity":28,"b:199:11:199:22:199:22:199:Infinity":12,"s:203:34:203:Infinity":29},"fnNames":{}}}
,"/Users/piyush./Desktop/Streamline/server/src/repositories/agent.repository.ts": {"path":"/Users/piyush./Desktop/Streamline/server/src/repositories/agent.repository.ts","statementMap":{"0":{"start":{"line":24,"column":22},"end":{"line":28,"column":null}},"1":{"start":{"line":29,"column":4},"end":{"line":29,"column":null}},"2":{"start":{"line":33,"column":4},"end":{"line":37,"column":null}},"3":{"start":{"line":41,"column":25},"end":{"line":41,"column":null}},"4":{"start":{"line":42,"column":4},"end":{"line":42,"column":null}},"5":{"start":{"line":46,"column":22},"end":{"line":50,"column":null}},"6":{"start":{"line":51,"column":4},"end":{"line":51,"column":null}},"7":{"start":{"line":55,"column":23},"end":{"line":55,"column":null}},"8":{"start":{"line":56,"column":4},"end":{"line":56,"column":null}},"9":{"start":{"line":56,"column":16},"end":{"line":56,"column":null}},"10":{"start":{"line":57,"column":4},"end":{"line":60,"column":null}},"11":{"start":{"line":65,"column":4},"end":{"line":72,"column":null}},"12":{"start":{"line":66,"column":24},"end":{"line":70,"column":null}},"13":{"start":{"line":71,"column":6},"end":{"line":71,"column":null}},"14":{"start":{"line":71,"column":20},"end":{"line":71,"column":null}},"15":{"start":{"line":74,"column":4},"end":{"line":78,"column":null}},"16":{"start":{"line":82,"column":4},"end":{"line":96,"column":null}},"17":{"start":{"line":101,"column":4},"end":{"line":111,"column":null}},"18":{"start":{"line":115,"column":23},"end":{"line":115,"column":null}},"19":{"start":{"line":116,"column":4},"end":{"line":116,"column":null}},"20":{"start":{"line":116,"column":16},"end":{"line":116,"column":null}},"21":{"start":{"line":117,"column":4},"end":{"line":120,"column":null}},"22":{"start":{"line":124,"column":21},"end":{"line":128,"column":null}},"23":{"start":{"line":129,"column":4},"end":{"line":129,"column":null}},"24":{"start":{"line":143,"column":22},"end":{"line":147,"column":null}},"25":{"start":{"line":148,"column":4},"end":{"line":148,"column":null}},"26":{"start":{"line":152,"column":31},"end":{"line":152,"column":null}}},"fnMap":{"0":{"name":"findSessionById","decl":{"start":{"line":23,"column":8},"end":{"line":23,"column":24}},"loc":{"start":{"line":23,"column":59},"end":{"line":30,"column":null}},"line":23},"1":{"name":"listSessionsByUser","decl":{"start":{"line":32,"column":8},"end":{"line":32,"column":27}},"loc":{"start":{"line":32,"column":43},"end":{"line":38,"column":null}},"line":32},"2":{"name":"createSession","decl":{"start":{"line":40,"column":8},"end":{"line":40,"column":22}},"loc":{"start":{"line":40,"column":54},"end":{"line":43,"column":null}},"line":40},"3":{"name":"updateSessionTitle","decl":{"start":{"line":45,"column":8},"end":{"line":45,"column":27}},"loc":{"start":{"line":45,"column":77},"end":{"line":52,"column":null}},"line":45},"4":{"name":"touchSession","decl":{"start":{"line":54,"column":8},"end":{"line":54,"column":21}},"loc":{"start":{"line":54,"column":57},"end":{"line":61,"column":null}},"line":54},"5":{"name":"listSessionMessages","decl":{"start":{"line":64,"column":8},"end":{"line":64,"column":28}},"loc":{"start":{"line":64,"column":64},"end":{"line":79,"column":null}},"line":64},"6":{"name":"createMessage","decl":{"start":{"line":81,"column":8},"end":{"line":81,"column":22}},"loc":{"start":{"line":81,"column":55},"end":{"line":97,"column":null}},"line":81},"7":{"name":"listPendingActionsByUser","decl":{"start":{"line":100,"column":8},"end":{"line":100,"column":33}},"loc":{"start":{"line":100,"column":49},"end":{"line":112,"column":null}},"line":100},"8":{"name":"listSessionPendingActions","decl":{"start":{"line":114,"column":8},"end":{"line":114,"column":34}},"loc":{"start":{"line":114,"column":70},"end":{"line":121,"column":null}},"line":114},"9":{"name":"findPendingActionById","decl":{"start":{"line":123,"column":8},"end":{"line":123,"column":30}},"loc":{"start":{"line":123,"column":58},"end":{"line":130,"column":null}},"line":123},"10":{"name":"updatePendingAction","decl":{"start":{"line":132,"column":8},"end":{"line":132,"column":null}},"loc":{"start":{"line":142,"column":4},"end":{"line":149,"column":null}},"line":142}},"branchMap":{"0":{"loc":{"start":{"line":29,"column":11},"end":{"line":29,"column":null}},"type":"binary-expr","locations":[{"start":{"line":29,"column":11},"end":{"line":29,"column":22}},{"start":{"line":29,"column":22},"end":{"line":29,"column":null}}],"line":29},"1":{"loc":{"start":{"line":51,"column":11},"end":{"line":51,"column":null}},"type":"binary-expr","locations":[{"start":{"line":51,"column":11},"end":{"line":51,"column":22}},{"start":{"line":51,"column":22},"end":{"line":51,"column":null}}],"line":51},"2":{"loc":{"start":{"line":56,"column":4},"end":{"line":56,"column":null}},"type":"if","locations":[{"start":{"line":56,"column":4},"end":{"line":56,"column":null}},{"start":{},"end":{}}],"line":56},"3":{"loc":{"start":{"line":65,"column":4},"end":{"line":72,"column":null}},"type":"if","locations":[{"start":{"line":65,"column":4},"end":{"line":72,"column":null}},{"start":{},"end":{}}],"line":65},"4":{"loc":{"start":{"line":71,"column":6},"end":{"line":71,"column":null}},"type":"if","locations":[{"start":{"line":71,"column":6},"end":{"line":71,"column":null}},{"start":{},"end":{}}],"line":71},"5":{"loc":{"start":{"line":116,"column":4},"end":{"line":116,"column":null}},"type":"if","locations":[{"start":{"line":116,"column":4},"end":{"line":116,"column":null}},{"start":{},"end":{}}],"line":116},"6":{"loc":{"start":{"line":129,"column":11},"end":{"line":129,"column":null}},"type":"binary-expr","locations":[{"start":{"line":129,"column":11},"end":{"line":129,"column":21}},{"start":{"line":129,"column":21},"end":{"line":129,"column":null}}],"line":129},"7":{"loc":{"start":{"line":148,"column":11},"end":{"line":148,"column":null}},"type":"binary-expr","locations":[{"start":{"line":148,"column":11},"end":{"line":148,"column":22}},{"start":{"line":148,"column":22},"end":{"line":148,"column":null}}],"line":148}},"s":{"0":1,"1":1,"2":0,"3":0,"4":0,"5":1,"6":1,"7":0,"8":0,"9":0,"10":0,"11":1,"12":1,"13":1,"14":1,"15":0,"16":0,"17":0,"18":0,"19":0,"20":0,"21":0,"22":1,"23":1,"24":1,"25":1,"26":1},"f":{"0":1,"1":0,"2":0,"3":1,"4":0,"5":1,"6":0,"7":0,"8":0,"9":1,"10":1},"b":{"0":[1,1],"1":[1,1],"2":[0,0],"3":[1,0],"4":[1,0],"5":[0,0],"6":[1,1],"7":[1,1]},"meta":{"lastBranch":8,"lastFunction":11,"lastStatement":27,"seen":{"f:23:8:23:24":0,"s:24:22:28:Infinity":0,"s:29:4:29:Infinity":1,"b:29:11:29:22:29:22:29:Infinity":0,"f:32:8:32:27":1,"s:33:4:37:Infinity":2,"f:40:8:40:22":2,"s:41:25:41:Infinity":3,"s:42:4:42:Infinity":4,"f:45:8:45:27":3,"s:46:22:50:Infinity":5,"s:51:4:51:Infinity":6,"b:51:11:51:22:51:22:51:Infinity":1,"f:54:8:54:21":4,"s:55:23:55:Infinity":7,"b:56:4:56:Infinity:undefined:undefined:undefined:undefined":2,"s:56:4:56:Infinity":8,"s:56:16:56:Infinity":9,"s:57:4:60:Infinity":10,"f:64:8:64:28":5,"b:65:4:72:Infinity:undefined:undefined:undefined:undefined":3,"s:65:4:72:Infinity":11,"s:66:24:70:Infinity":12,"b:71:6:71:Infinity:undefined:undefined:undefined:undefined":4,"s:71:6:71:Infinity":13,"s:71:20:71:Infinity":14,"s:74:4:78:Infinity":15,"f:81:8:81:22":6,"s:82:4:96:Infinity":16,"f:100:8:100:33":7,"s:101:4:111:Infinity":17,"f:114:8:114:34":8,"s:115:23:115:Infinity":18,"b:116:4:116:Infinity:undefined:undefined:undefined:undefined":5,"s:116:4:116:Infinity":19,"s:116:16:116:Infinity":20,"s:117:4:120:Infinity":21,"f:123:8:123:30":9,"s:124:21:128:Infinity":22,"s:129:4:129:Infinity":23,"b:129:11:129:21:129:21:129:Infinity":6,"f:132:8:132:Infinity":10,"s:143:22:147:Infinity":24,"s:148:4:148:Infinity":25,"b:148:11:148:22:148:22:148:Infinity":7,"s:152:31:152:Infinity":26},"fnNames":{}}}
,"/Users/piyush./Desktop/Streamline/server/src/repositories/ai.repository.ts": {"path":"/Users/piyush./Desktop/Streamline/server/src/repositories/ai.repository.ts","statementMap":{"0":{"start":{"line":18,"column":20},"end":{"line":18,"column":null}},"1":{"start":{"line":19,"column":4},"end":{"line":19,"column":null}},"2":{"start":{"line":33,"column":21},"end":{"line":33,"column":null}},"3":{"start":{"line":34,"column":4},"end":{"line":58,"column":null}},"4":{"start":{"line":35,"column":24},"end":{"line":42,"column":null}},"5":{"start":{"line":43,"column":6},"end":{"line":43,"column":null}},"6":{"start":{"line":45,"column":24},"end":{"line":56,"column":null}},"7":{"start":{"line":57,"column":6},"end":{"line":57,"column":null}},"8":{"start":{"line":73,"column":20},"end":{"line":99,"column":null}},"9":{"start":{"line":100,"column":4},"end":{"line":100,"column":null}},"10":{"start":{"line":104,"column":21},"end":{"line":104,"column":null}},"11":{"start":{"line":105,"column":4},"end":{"line":105,"column":null}},"12":{"start":{"line":109,"column":4},"end":{"line":109,"column":null}},"13":{"start":{"line":114,"column":17},"end":{"line":133,"column":null}},"14":{"start":{"line":152,"column":9},"end":{"line":152,"column":null}},"15":{"start":{"line":154,"column":4},"end":{"line":179,"column":null}},"16":{"start":{"line":155,"column":6},"end":{"line":178,"column":null}},"17":{"start":{"line":156,"column":8},"end":{"line":177,"column":null}},"18":{"start":{"line":157,"column":10},"end":{"line":176,"column":null}},"19":{"start":{"line":158,"column":12},"end":{"line":175,"column":null}},"20":{"start":{"line":181,"column":4},"end":{"line":181,"column":null}},"21":{"start":{"line":189,"column":19},"end":{"line":189,"column":null}},"22":{"start":{"line":190,"column":4},"end":{"line":190,"column":null}},"23":{"start":{"line":190,"column":58},"end":{"line":190,"column":null}},"24":{"start":{"line":192,"column":25},"end":{"line":201,"column":null}},"25":{"start":{"line":193,"column":6},"end":{"line":199,"column":null}},"26":{"start":{"line":194,"column":8},"end":{"line":198,"column":null}},"27":{"start":{"line":200,"column":6},"end":{"line":200,"column":null}},"28":{"start":{"line":203,"column":22},"end":{"line":210,"column":null}},"29":{"start":{"line":212,"column":4},"end":{"line":212,"column":null}},"30":{"start":{"line":217,"column":4},"end":{"line":240,"column":null}},"31":{"start":{"line":244,"column":4},"end":{"line":267,"column":null}},"32":{"start":{"line":277,"column":20},"end":{"line":288,"column":null}},"33":{"start":{"line":290,"column":4},"end":{"line":292,"column":null}},"34":{"start":{"line":291,"column":6},"end":{"line":291,"column":null}},"35":{"start":{"line":293,"column":4},"end":{"line":293,"column":null}},"36":{"start":{"line":297,"column":21},"end":{"line":302,"column":null}},"37":{"start":{"line":303,"column":4},"end":{"line":303,"column":null}},"38":{"start":{"line":307,"column":4},"end":{"line":312,"column":null}},"39":{"start":{"line":316,"column":22},"end":{"line":320,"column":null}},"40":{"start":{"line":321,"column":4},"end":{"line":321,"column":null}},"41":{"start":{"line":325,"column":28},"end":{"line":325,"column":null}}},"fnMap":{"0":{"name":"getUserPreferences","decl":{"start":{"line":17,"column":8},"end":{"line":17,"column":27}},"loc":{"start":{"line":17,"column":43},"end":{"line":20,"column":null}},"line":17},"1":{"name":"upsertUserPreferences","decl":{"start":{"line":22,"column":8},"end":{"line":22,"column":null}},"loc":{"start":{"line":32,"column":4},"end":{"line":59,"column":null}},"line":32},"2":{"name":"saveEmailAiMetadata","decl":{"start":{"line":62,"column":8},"end":{"line":62,"column":28}},"loc":{"start":{"line":72,"column":5},"end":{"line":101,"column":null}},"line":72},"3":{"name":"getEmailAiMetadata","decl":{"start":{"line":103,"column":8},"end":{"line":103,"column":27}},"loc":{"start":{"line":103,"column":44},"end":{"line":106,"column":null}},"line":103},"4":{"name":"getEmailsAiMetadataByThread","decl":{"start":{"line":108,"column":8},"end":{"line":108,"column":36}},"loc":{"start":{"line":108,"column":54},"end":{"line":110,"column":null}},"line":108},"5":{"name":"getRadarTasks","decl":{"start":{"line":113,"column":8},"end":{"line":113,"column":22}},"loc":{"start":{"line":113,"column":38},"end":{"line":182,"column":null}},"line":113},"6":{"name":"updateRadarTaskStatus","decl":{"start":{"line":184,"column":8},"end":{"line":184,"column":null}},"loc":{"start":{"line":188,"column":4},"end":{"line":213,"column":null}},"line":188},"7":{"name":"(anonymous_7)","decl":{"start":{"line":192,"column":47},"end":{"line":192,"column":52}},"loc":{"start":{"line":192,"column":58},"end":{"line":201,"column":5}},"line":192},"8":{"name":"getNewslettersForUser","decl":{"start":{"line":216,"column":8},"end":{"line":216,"column":30}},"loc":{"start":{"line":216,"column":59},"end":{"line":241,"column":null}},"line":216},"9":{"name":"getUrgentEmailsForUser","decl":{"start":{"line":243,"column":8},"end":{"line":243,"column":31}},"loc":{"start":{"line":243,"column":60},"end":{"line":268,"column":null}},"line":243},"10":{"name":"saveDailyDigest","decl":{"start":{"line":270,"column":8},"end":{"line":270,"column":24}},"loc":{"start":{"line":276,"column":5},"end":{"line":294,"column":null}},"line":276},"11":{"name":"getLatestDigest","decl":{"start":{"line":296,"column":8},"end":{"line":296,"column":24}},"loc":{"start":{"line":296,"column":40},"end":{"line":304,"column":null}},"line":296},"12":{"name":"listUserDigests","decl":{"start":{"line":306,"column":8},"end":{"line":306,"column":24}},"loc":{"start":{"line":306,"column":52},"end":{"line":313,"column":null}},"line":306},"13":{"name":"markDigestAsRead","decl":{"start":{"line":315,"column":8},"end":{"line":315,"column":25}},"loc":{"start":{"line":315,"column":53},"end":{"line":322,"column":null}},"line":315}},"branchMap":{"0":{"loc":{"start":{"line":19,"column":11},"end":{"line":19,"column":null}},"type":"binary-expr","locations":[{"start":{"line":19,"column":11},"end":{"line":19,"column":20}},{"start":{"line":19,"column":20},"end":{"line":19,"column":null}}],"line":19},"1":{"loc":{"start":{"line":34,"column":4},"end":{"line":58,"column":null}},"type":"if","locations":[{"start":{"line":34,"column":4},"end":{"line":58,"column":null}},{"start":{"line":44,"column":11},"end":{"line":58,"column":null}}],"line":34},"2":{"loc":{"start":{"line":49,"column":22},"end":{"line":49,"column":null}},"type":"binary-expr","locations":[{"start":{"line":49,"column":22},"end":{"line":49,"column":41}},{"start":{"line":49,"column":41},"end":{"line":49,"column":null}}],"line":49},"3":{"loc":{"start":{"line":50,"column":26},"end":{"line":50,"column":null}},"type":"binary-expr","locations":[{"start":{"line":50,"column":26},"end":{"line":50,"column":49}},{"start":{"line":50,"column":49},"end":{"line":50,"column":null}}],"line":50},"4":{"loc":{"start":{"line":51,"column":30},"end":{"line":51,"column":null}},"type":"binary-expr","locations":[{"start":{"line":51,"column":30},"end":{"line":51,"column":57}},{"start":{"line":51,"column":57},"end":{"line":51,"column":null}}],"line":51},"5":{"loc":{"start":{"line":52,"column":31},"end":{"line":52,"column":null}},"type":"binary-expr","locations":[{"start":{"line":52,"column":31},"end":{"line":52,"column":59}},{"start":{"line":52,"column":59},"end":{"line":52,"column":null}}],"line":52},"6":{"loc":{"start":{"line":53,"column":22},"end":{"line":53,"column":null}},"type":"binary-expr","locations":[{"start":{"line":53,"column":22},"end":{"line":53,"column":41}},{"start":{"line":53,"column":41},"end":{"line":53,"column":null}}],"line":53},"7":{"loc":{"start":{"line":54,"column":30},"end":{"line":54,"column":null}},"type":"binary-expr","locations":[{"start":{"line":54,"column":30},"end":{"line":54,"column":57}},{"start":{"line":54,"column":57},"end":{"line":54,"column":null}}],"line":54},"8":{"loc":{"start":{"line":81,"column":28},"end":{"line":81,"column":null}},"type":"binary-expr","locations":[{"start":{"line":81,"column":28},"end":{"line":81,"column":55}},{"start":{"line":81,"column":55},"end":{"line":81,"column":null}}],"line":81},"9":{"loc":{"start":{"line":82,"column":25},"end":{"line":82,"column":null}},"type":"binary-expr","locations":[{"start":{"line":82,"column":25},"end":{"line":82,"column":49}},{"start":{"line":82,"column":49},"end":{"line":82,"column":null}}],"line":82},"10":{"loc":{"start":{"line":83,"column":24},"end":{"line":83,"column":null}},"type":"binary-expr","locations":[{"start":{"line":83,"column":24},"end":{"line":83,"column":47}},{"start":{"line":83,"column":47},"end":{"line":83,"column":null}}],"line":83},"11":{"loc":{"start":{"line":84,"column":19},"end":{"line":84,"column":null}},"type":"binary-expr","locations":[{"start":{"line":84,"column":19},"end":{"line":84,"column":37}},{"start":{"line":84,"column":37},"end":{"line":84,"column":null}}],"line":84},"12":{"loc":{"start":{"line":92,"column":30},"end":{"line":92,"column":null}},"type":"binary-expr","locations":[{"start":{"line":92,"column":30},"end":{"line":92,"column":57}},{"start":{"line":92,"column":57},"end":{"line":92,"column":null}}],"line":92},"13":{"loc":{"start":{"line":93,"column":27},"end":{"line":93,"column":null}},"type":"binary-expr","locations":[{"start":{"line":93,"column":27},"end":{"line":93,"column":51}},{"start":{"line":93,"column":51},"end":{"line":93,"column":null}}],"line":93},"14":{"loc":{"start":{"line":94,"column":26},"end":{"line":94,"column":null}},"type":"binary-expr","locations":[{"start":{"line":94,"column":26},"end":{"line":94,"column":49}},{"start":{"line":94,"column":49},"end":{"line":94,"column":null}}],"line":94},"15":{"loc":{"start":{"line":95,"column":21},"end":{"line":95,"column":null}},"type":"binary-expr","locations":[{"start":{"line":95,"column":21},"end":{"line":95,"column":39}},{"start":{"line":95,"column":39},"end":{"line":95,"column":null}}],"line":95},"16":{"loc":{"start":{"line":105,"column":11},"end":{"line":105,"column":null}},"type":"binary-expr","locations":[{"start":{"line":105,"column":11},"end":{"line":105,"column":21}},{"start":{"line":105,"column":21},"end":{"line":105,"column":null}}],"line":105},"17":{"loc":{"start":{"line":155,"column":6},"end":{"line":178,"column":null}},"type":"if","locations":[{"start":{"line":155,"column":6},"end":{"line":178,"column":null}},{"start":{},"end":{}}],"line":155},"18":{"loc":{"start":{"line":157,"column":10},"end":{"line":176,"column":null}},"type":"if","locations":[{"start":{"line":157,"column":10},"end":{"line":176,"column":null}},{"start":{},"end":{}}],"line":157},"19":{"loc":{"start":{"line":162,"column":24},"end":{"line":162,"column":null}},"type":"binary-expr","locations":[{"start":{"line":162,"column":24},"end":{"line":162,"column":41}},{"start":{"line":162,"column":41},"end":{"line":162,"column":null}}],"line":162},"20":{"loc":{"start":{"line":190,"column":4},"end":{"line":190,"column":null}},"type":"if","locations":[{"start":{"line":190,"column":4},"end":{"line":190,"column":null}},{"start":{},"end":{}}],"line":190},"21":{"loc":{"start":{"line":190,"column":8},"end":{"line":190,"column":58}},"type":"binary-expr","locations":[{"start":{"line":190,"column":8},"end":{"line":190,"column":19}},{"start":{"line":190,"column":19},"end":{"line":190,"column":58}}],"line":190},"22":{"loc":{"start":{"line":193,"column":6},"end":{"line":199,"column":null}},"type":"if","locations":[{"start":{"line":193,"column":6},"end":{"line":199,"column":null}},{"start":{},"end":{}}],"line":193},"23":{"loc":{"start":{"line":196,"column":23},"end":{"line":196,"column":null}},"type":"cond-expr","locations":[{"start":{"line":196,"column":59},"end":{"line":196,"column":81}},{"start":{"line":196,"column":81},"end":{"line":196,"column":null}}],"line":196},"24":{"loc":{"start":{"line":197,"column":23},"end":{"line":197,"column":null}},"type":"cond-expr","locations":[{"start":{"line":197,"column":59},"end":{"line":197,"column":81}},{"start":{"line":197,"column":81},"end":{"line":197,"column":null}}],"line":197},"25":{"loc":{"start":{"line":283,"column":25},"end":{"line":283,"column":null}},"type":"binary-expr","locations":[{"start":{"line":283,"column":25},"end":{"line":283,"column":49}},{"start":{"line":283,"column":49},"end":{"line":283,"column":null}}],"line":283},"26":{"loc":{"start":{"line":290,"column":4},"end":{"line":292,"column":null}},"type":"if","locations":[{"start":{"line":290,"column":4},"end":{"line":292,"column":null}},{"start":{},"end":{}}],"line":290},"27":{"loc":{"start":{"line":303,"column":11},"end":{"line":303,"column":null}},"type":"binary-expr","locations":[{"start":{"line":303,"column":11},"end":{"line":303,"column":21}},{"start":{"line":303,"column":21},"end":{"line":303,"column":null}}],"line":303},"28":{"loc":{"start":{"line":306,"column":40},"end":{"line":306,"column":52}},"type":"default-arg","locations":[{"start":{"line":306,"column":48},"end":{"line":306,"column":52}}],"line":306}},"s":{"0":0,"1":0,"2":1,"3":1,"4":0,"5":0,"6":1,"7":1,"8":0,"9":0,"10":0,"11":0,"12":0,"13":0,"14":0,"15":0,"16":0,"17":0,"18":0,"19":0,"20":0,"21":0,"22":0,"23":0,"24":0,"25":0,"26":0,"27":0,"28":0,"29":0,"30":0,"31":0,"32":0,"33":0,"34":0,"35":0,"36":0,"37":0,"38":0,"39":1,"40":1,"41":6},"f":{"0":0,"1":1,"2":0,"3":0,"4":0,"5":0,"6":0,"7":0,"8":0,"9":0,"10":0,"11":0,"12":0,"13":1},"b":{"0":[0,0],"1":[0,1],"2":[1,0],"3":[1,0],"4":[1,0],"5":[1,0],"6":[1,0],"7":[1,0],"8":[0,0],"9":[0,0],"10":[0,0],"11":[0,0],"12":[0,0],"13":[0,0],"14":[0,0],"15":[0,0],"16":[0,0],"17":[0,0],"18":[0,0],"19":[0,0],"20":[0,0],"21":[0,0],"22":[0,0],"23":[0,0],"24":[0,0],"25":[0,0],"26":[0,0],"27":[0,0],"28":[0]},"meta":{"lastBranch":29,"lastFunction":14,"lastStatement":42,"seen":{"f:17:8:17:27":0,"s:18:20:18:Infinity":0,"s:19:4:19:Infinity":1,"b:19:11:19:20:19:20:19:Infinity":0,"f:22:8:22:Infinity":1,"s:33:21:33:Infinity":2,"b:34:4:58:Infinity:44:11:58:Infinity":1,"s:34:4:58:Infinity":3,"s:35:24:42:Infinity":4,"s:43:6:43:Infinity":5,"s:45:24:56:Infinity":6,"b:49:22:49:41:49:41:49:Infinity":2,"b:50:26:50:49:50:49:50:Infinity":3,"b:51:30:51:57:51:57:51:Infinity":4,"b:52:31:52:59:52:59:52:Infinity":5,"b:53:22:53:41:53:41:53:Infinity":6,"b:54:30:54:57:54:57:54:Infinity":7,"s:57:6:57:Infinity":7,"f:62:8:62:28":2,"s:73:20:99:Infinity":8,"b:81:28:81:55:81:55:81:Infinity":8,"b:82:25:82:49:82:49:82:Infinity":9,"b:83:24:83:47:83:47:83:Infinity":10,"b:84:19:84:37:84:37:84:Infinity":11,"b:92:30:92:57:92:57:92:Infinity":12,"b:93:27:93:51:93:51:93:Infinity":13,"b:94:26:94:49:94:49:94:Infinity":14,"b:95:21:95:39:95:39:95:Infinity":15,"s:100:4:100:Infinity":9,"f:103:8:103:27":3,"s:104:21:104:Infinity":10,"s:105:4:105:Infinity":11,"b:105:11:105:21:105:21:105:Infinity":16,"f:108:8:108:36":4,"s:109:4:109:Infinity":12,"f:113:8:113:22":5,"s:114:17:133:Infinity":13,"s:152:9:152:Infinity":14,"s:154:4:179:Infinity":15,"b:155:6:178:Infinity:undefined:undefined:undefined:undefined":17,"s:155:6:178:Infinity":16,"s:156:8:177:Infinity":17,"b:157:10:176:Infinity:undefined:undefined:undefined:undefined":18,"s:157:10:176:Infinity":18,"s:158:12:175:Infinity":19,"b:162:24:162:41:162:41:162:Infinity":19,"s:181:4:181:Infinity":20,"f:184:8:184:Infinity":6,"s:189:19:189:Infinity":21,"b:190:4:190:Infinity:undefined:undefined:undefined:undefined":20,"s:190:4:190:Infinity":22,"b:190:8:190:19:190:19:190:58":21,"s:190:58:190:Infinity":23,"s:192:25:201:Infinity":24,"f:192:47:192:52":7,"b:193:6:199:Infinity:undefined:undefined:undefined:undefined":22,"s:193:6:199:Infinity":25,"s:194:8:198:Infinity":26,"b:196:59:196:81:196:81:196:Infinity":23,"b:197:59:197:81:197:81:197:Infinity":24,"s:200:6:200:Infinity":27,"s:203:22:210:Infinity":28,"s:212:4:212:Infinity":29,"f:216:8:216:30":8,"s:217:4:240:Infinity":30,"f:243:8:243:31":9,"s:244:4:267:Infinity":31,"f:270:8:270:24":10,"s:277:20:288:Infinity":32,"b:283:25:283:49:283:49:283:Infinity":25,"b:290:4:292:Infinity:undefined:undefined:undefined:undefined":26,"s:290:4:292:Infinity":33,"s:291:6:291:Infinity":34,"s:293:4:293:Infinity":35,"f:296:8:296:24":11,"s:297:21:302:Infinity":36,"s:303:4:303:Infinity":37,"b:303:11:303:21:303:21:303:Infinity":27,"f:306:8:306:24":12,"b:306:48:306:52":28,"s:307:4:312:Infinity":38,"f:315:8:315:25":13,"s:316:22:320:Infinity":39,"s:321:4:321:Infinity":40,"s:325:28:325:Infinity":41},"fnNames":{}}}
,"/Users/piyush./Desktop/Streamline/server/src/repositories/emails.repository.ts": {"path":"/Users/piyush./Desktop/Streamline/server/src/repositories/emails.repository.ts","statementMap":{"0":{"start":{"line":7,"column":25},"end":{"line":10,"column":null}},"1":{"start":{"line":11,"column":4},"end":{"line":11,"column":null}},"2":{"start":{"line":11,"column":35},"end":{"line":11,"column":39}},"3":{"start":{"line":15,"column":25},"end":{"line":23,"column":null}},"4":{"start":{"line":25,"column":4},"end":{"line":25,"column":null}},"5":{"start":{"line":25,"column":35},"end":{"line":25,"column":null}},"6":{"start":{"line":27,"column":23},"end":{"line":27,"column":null}},"7":{"start":{"line":27,"column":55},"end":{"line":27,"column":64}},"8":{"start":{"line":28,"column":23},"end":{"line":28,"column":null}},"9":{"start":{"line":28,"column":47},"end":{"line":28,"column":51}},"10":{"start":{"line":29,"column":10},"end":{"line":29,"column":null}},"11":{"start":{"line":32,"column":22},"end":{"line":67,"column":null}},"12":{"start":{"line":69,"column":4},"end":{"line":81,"column":null}},"13":{"start":{"line":70,"column":18},"end":{"line":70,"column":null}},"14":{"start":{"line":71,"column":27},"end":{"line":71,"column":null}},"15":{"start":{"line":72,"column":6},"end":{"line":80,"column":null}},"16":{"start":{"line":85,"column":23},"end":{"line":85,"column":null}},"17":{"start":{"line":86,"column":4},"end":{"line":86,"column":null}},"18":{"start":{"line":86,"column":33},"end":{"line":86,"column":null}},"19":{"start":{"line":88,"column":20},"end":{"line":121,"column":null}},"20":{"start":{"line":123,"column":4},"end":{"line":123,"column":null}},"21":{"start":{"line":127,"column":4},"end":{"line":127,"column":null}},"22":{"start":{"line":131,"column":23},"end":{"line":131,"column":null}},"23":{"start":{"line":132,"column":4},"end":{"line":132,"column":null}},"24":{"start":{"line":132,"column":33},"end":{"line":132,"column":null}},"25":{"start":{"line":134,"column":22},"end":{"line":138,"column":null}},"26":{"start":{"line":140,"column":4},"end":{"line":140,"column":null}},"27":{"start":{"line":144,"column":23},"end":{"line":144,"column":null}},"28":{"start":{"line":145,"column":4},"end":{"line":145,"column":null}},"29":{"start":{"line":145,"column":33},"end":{"line":145,"column":null}},"30":{"start":{"line":147,"column":22},"end":{"line":151,"column":null}},"31":{"start":{"line":153,"column":4},"end":{"line":153,"column":null}},"32":{"start":{"line":157,"column":23},"end":{"line":157,"column":null}},"33":{"start":{"line":158,"column":4},"end":{"line":158,"column":null}},"34":{"start":{"line":158,"column":33},"end":{"line":158,"column":null}},"35":{"start":{"line":160,"column":22},"end":{"line":164,"column":null}},"36":{"start":{"line":166,"column":4},"end":{"line":166,"column":null}},"37":{"start":{"line":170,"column":23},"end":{"line":170,"column":null}},"38":{"start":{"line":171,"column":4},"end":{"line":171,"column":null}},"39":{"start":{"line":171,"column":33},"end":{"line":171,"column":null}},"40":{"start":{"line":173,"column":4},"end":{"line":173,"column":null}},"41":{"start":{"line":184,"column":20},"end":{"line":184,"column":null}},"42":{"start":{"line":185,"column":4},"end":{"line":204,"column":null}},"43":{"start":{"line":186,"column":20},"end":{"line":190,"column":null}},"44":{"start":{"line":191,"column":6},"end":{"line":193,"column":null}},"45":{"start":{"line":192,"column":8},"end":{"line":192,"column":null}},"46":{"start":{"line":195,"column":27},"end":{"line":199,"column":null}},"47":{"start":{"line":200,"column":23},"end":{"line":200,"column":null}},"48":{"start":{"line":201,"column":6},"end":{"line":203,"column":null}},"49":{"start":{"line":202,"column":8},"end":{"line":202,"column":null}},"50":{"start":{"line":206,"column":4},"end":{"line":208,"column":null}},"51":{"start":{"line":207,"column":6},"end":{"line":207,"column":null}},"52":{"start":{"line":210,"column":18},"end":{"line":210,"column":null}},"53":{"start":{"line":212,"column":19},"end":{"line":212,"column":null}},"54":{"start":{"line":214,"column":4},"end":{"line":225,"column":null}},"55":{"start":{"line":215,"column":6},"end":{"line":224,"column":null}},"56":{"start":{"line":227,"column":4},"end":{"line":229,"column":null}},"57":{"start":{"line":228,"column":6},"end":{"line":228,"column":null}},"58":{"start":{"line":231,"column":24},"end":{"line":246,"column":null}},"59":{"start":{"line":248,"column":18},"end":{"line":256,"column":null}},"60":{"start":{"line":258,"column":4},"end":{"line":263,"column":null}},"61":{"start":{"line":267,"column":32},"end":{"line":267,"column":null}}},"fnMap":{"0":{"name":"getUserAccountIds","decl":{"start":{"line":6,"column":16},"end":{"line":6,"column":34}},"loc":{"start":{"line":6,"column":69},"end":{"line":12,"column":null}},"line":6},"1":{"name":"(anonymous_1)","decl":{"start":{"line":11,"column":24},"end":{"line":11,"column":29}},"loc":{"start":{"line":11,"column":35},"end":{"line":11,"column":39}},"line":11},"2":{"name":"listUserEmails","decl":{"start":{"line":14,"column":8},"end":{"line":14,"column":23}},"loc":{"start":{"line":14,"column":103},"end":{"line":82,"column":null}},"line":14},"3":{"name":"(anonymous_3)","decl":{"start":{"line":27,"column":44},"end":{"line":27,"column":49}},"loc":{"start":{"line":27,"column":55},"end":{"line":27,"column":64}},"line":27},"4":{"name":"(anonymous_4)","decl":{"start":{"line":28,"column":36},"end":{"line":28,"column":41}},"loc":{"start":{"line":28,"column":47},"end":{"line":28,"column":51}},"line":28},"5":{"name":"(anonymous_5)","decl":{"start":{"line":69,"column":21},"end":{"line":69,"column":26}},"loc":{"start":{"line":69,"column":32},"end":{"line":81,"column":5}},"line":69},"6":{"name":"findById","decl":{"start":{"line":84,"column":8},"end":{"line":84,"column":17}},"loc":{"start":{"line":84,"column":45},"end":{"line":124,"column":null}},"line":84},"7":{"name":"getEmailById","decl":{"start":{"line":126,"column":8},"end":{"line":126,"column":21}},"loc":{"start":{"line":126,"column":54},"end":{"line":128,"column":null}},"line":126},"8":{"name":"markAsRead","decl":{"start":{"line":130,"column":8},"end":{"line":130,"column":19}},"loc":{"start":{"line":130,"column":71},"end":{"line":141,"column":null}},"line":130},"9":{"name":"toggleStar","decl":{"start":{"line":143,"column":8},"end":{"line":143,"column":19}},"loc":{"start":{"line":143,"column":67},"end":{"line":154,"column":null}},"line":143},"10":{"name":"updateCategory","decl":{"start":{"line":156,"column":8},"end":{"line":156,"column":23}},"loc":{"start":{"line":156,"column":69},"end":{"line":167,"column":null}},"line":156},"11":{"name":"deleteEmail","decl":{"start":{"line":169,"column":8},"end":{"line":169,"column":20}},"loc":{"start":{"line":169,"column":48},"end":{"line":174,"column":null}},"line":169},"12":{"name":"createSentEmail","decl":{"start":{"line":176,"column":8},"end":{"line":176,"column":24}},"loc":{"start":{"line":183,"column":5},"end":{"line":264,"column":null}},"line":183}},"branchMap":{"0":{"loc":{"start":{"line":14,"column":39},"end":{"line":14,"column":65}},"type":"default-arg","locations":[{"start":{"line":14,"column":56},"end":{"line":14,"column":65}}],"line":14},"1":{"loc":{"start":{"line":14,"column":65},"end":{"line":14,"column":85}},"type":"default-arg","locations":[{"start":{"line":14,"column":81},"end":{"line":14,"column":85}}],"line":14},"2":{"loc":{"start":{"line":14,"column":85},"end":{"line":14,"column":103}},"type":"default-arg","locations":[{"start":{"line":14,"column":100},"end":{"line":14,"column":103}}],"line":14},"3":{"loc":{"start":{"line":25,"column":4},"end":{"line":25,"column":null}},"type":"if","locations":[{"start":{"line":25,"column":4},"end":{"line":25,"column":null}},{"start":{},"end":{}}],"line":25},"4":{"loc":{"start":{"line":59,"column":8},"end":{"line":63,"column":null}},"type":"cond-expr","locations":[{"start":{"line":60,"column":12},"end":{"line":60,"column":null}},{"start":{"line":61,"column":12},"end":{"line":63,"column":null}}],"line":59},"5":{"loc":{"start":{"line":61,"column":12},"end":{"line":63,"column":null}},"type":"cond-expr","locations":[{"start":{"line":62,"column":14},"end":{"line":62,"column":null}},{"start":{"line":63,"column":14},"end":{"line":63,"column":null}}],"line":61},"6":{"loc":{"start":{"line":71,"column":27},"end":{"line":71,"column":null}},"type":"cond-expr","locations":[{"start":{"line":71,"column":39},"end":{"line":71,"column":79}},{"start":{"line":71,"column":79},"end":{"line":71,"column":null}}],"line":71},"7":{"loc":{"start":{"line":77,"column":21},"end":{"line":77,"column":null}},"type":"binary-expr","locations":[{"start":{"line":77,"column":21},"end":{"line":77,"column":35}},{"start":{"line":77,"column":35},"end":{"line":77,"column":49}},{"start":{"line":77,"column":49},"end":{"line":77,"column":null}}],"line":77},"8":{"loc":{"start":{"line":78,"column":22},"end":{"line":78,"column":null}},"type":"binary-expr","locations":[{"start":{"line":78,"column":22},"end":{"line":78,"column":36}},{"start":{"line":78,"column":36},"end":{"line":78,"column":null}}],"line":78},"9":{"loc":{"start":{"line":79,"column":22},"end":{"line":79,"column":null}},"type":"binary-expr","locations":[{"start":{"line":79,"column":22},"end":{"line":79,"column":36}},{"start":{"line":79,"column":36},"end":{"line":79,"column":null}}],"line":79},"10":{"loc":{"start":{"line":86,"column":4},"end":{"line":86,"column":null}},"type":"if","locations":[{"start":{"line":86,"column":4},"end":{"line":86,"column":null}},{"start":{},"end":{}}],"line":86},"11":{"loc":{"start":{"line":123,"column":11},"end":{"line":123,"column":null}},"type":"binary-expr","locations":[{"start":{"line":123,"column":11},"end":{"line":123,"column":20}},{"start":{"line":123,"column":20},"end":{"line":123,"column":null}}],"line":123},"12":{"loc":{"start":{"line":130,"column":47},"end":{"line":130,"column":71}},"type":"default-arg","locations":[{"start":{"line":130,"column":65},"end":{"line":130,"column":71}}],"line":130},"13":{"loc":{"start":{"line":132,"column":4},"end":{"line":132,"column":null}},"type":"if","locations":[{"start":{"line":132,"column":4},"end":{"line":132,"column":null}},{"start":{},"end":{}}],"line":132},"14":{"loc":{"start":{"line":140,"column":11},"end":{"line":140,"column":null}},"type":"binary-expr","locations":[{"start":{"line":140,"column":11},"end":{"line":140,"column":22}},{"start":{"line":140,"column":22},"end":{"line":140,"column":null}}],"line":140},"15":{"loc":{"start":{"line":145,"column":4},"end":{"line":145,"column":null}},"type":"if","locations":[{"start":{"line":145,"column":4},"end":{"line":145,"column":null}},{"start":{},"end":{}}],"line":145},"16":{"loc":{"start":{"line":153,"column":11},"end":{"line":153,"column":null}},"type":"binary-expr","locations":[{"start":{"line":153,"column":11},"end":{"line":153,"column":22}},{"start":{"line":153,"column":22},"end":{"line":153,"column":null}}],"line":153},"17":{"loc":{"start":{"line":158,"column":4},"end":{"line":158,"column":null}},"type":"if","locations":[{"start":{"line":158,"column":4},"end":{"line":158,"column":null}},{"start":{},"end":{}}],"line":158},"18":{"loc":{"start":{"line":166,"column":11},"end":{"line":166,"column":null}},"type":"binary-expr","locations":[{"start":{"line":166,"column":11},"end":{"line":166,"column":22}},{"start":{"line":166,"column":22},"end":{"line":166,"column":null}}],"line":166},"19":{"loc":{"start":{"line":171,"column":4},"end":{"line":171,"column":null}},"type":"if","locations":[{"start":{"line":171,"column":4},"end":{"line":171,"column":null}},{"start":{},"end":{}}],"line":171},"20":{"loc":{"start":{"line":185,"column":4},"end":{"line":204,"column":null}},"type":"if","locations":[{"start":{"line":185,"column":4},"end":{"line":204,"column":null}},{"start":{"line":194,"column":11},"end":{"line":204,"column":null}}],"line":185},"21":{"loc":{"start":{"line":191,"column":6},"end":{"line":193,"column":null}},"type":"if","locations":[{"start":{"line":191,"column":6},"end":{"line":193,"column":null}},{"start":{},"end":{}}],"line":191},"22":{"loc":{"start":{"line":201,"column":6},"end":{"line":203,"column":null}},"type":"if","locations":[{"start":{"line":201,"column":6},"end":{"line":203,"column":null}},{"start":{},"end":{}}],"line":201},"23":{"loc":{"start":{"line":206,"column":4},"end":{"line":208,"column":null}},"type":"if","locations":[{"start":{"line":206,"column":4},"end":{"line":208,"column":null}},{"start":{},"end":{}}],"line":206},"24":{"loc":{"start":{"line":210,"column":18},"end":{"line":210,"column":null}},"type":"binary-expr","locations":[{"start":{"line":210,"column":18},"end":{"line":210,"column":44}},{"start":{"line":210,"column":44},"end":{"line":210,"column":null}}],"line":210},"25":{"loc":{"start":{"line":214,"column":4},"end":{"line":225,"column":null}},"type":"if","locations":[{"start":{"line":214,"column":4},"end":{"line":225,"column":null}},{"start":{},"end":{}}],"line":214},"26":{"loc":{"start":{"line":220,"column":19},"end":{"line":220,"column":null}},"type":"binary-expr","locations":[{"start":{"line":220,"column":19},"end":{"line":220,"column":35}},{"start":{"line":220,"column":35},"end":{"line":220,"column":null}}],"line":220},"27":{"loc":{"start":{"line":227,"column":4},"end":{"line":229,"column":null}},"type":"if","locations":[{"start":{"line":227,"column":4},"end":{"line":229,"column":null}},{"start":{},"end":{}}],"line":227},"28":{"loc":{"start":{"line":239,"column":17},"end":{"line":239,"column":null}},"type":"binary-expr","locations":[{"start":{"line":239,"column":17},"end":{"line":239,"column":33}},{"start":{"line":239,"column":33},"end":{"line":239,"column":null}}],"line":239},"29":{"loc":{"start":{"line":260,"column":19},"end":{"line":260,"column":null}},"type":"binary-expr","locations":[{"start":{"line":260,"column":19},"end":{"line":260,"column":33}},{"start":{"line":260,"column":33},"end":{"line":260,"column":47}},{"start":{"line":260,"column":47},"end":{"line":260,"column":null}}],"line":260},"30":{"loc":{"start":{"line":261,"column":20},"end":{"line":261,"column":null}},"type":"binary-expr","locations":[{"start":{"line":261,"column":20},"end":{"line":261,"column":34}},{"start":{"line":261,"column":34},"end":{"line":261,"column":null}}],"line":261},"31":{"loc":{"start":{"line":262,"column":20},"end":{"line":262,"column":null}},"type":"binary-expr","locations":[{"start":{"line":262,"column":20},"end":{"line":262,"column":34}},{
[...]
reamline/server/src/utils/result.ts": {"path":"/Users/piyush./Desktop/Streamline/server/src/utils/result.ts","statementMap":{"0":{"start":{"line":14,"column":2},"end":{"line":14,"column":null}},"1":{"start":{"line":21,"column":2},"end":{"line":21,"column":null}},"2":{"start":{"line":28,"column":2},"end":{"line":28,"column":null}},"3":{"start":{"line":35,"column":2},"end":{"line":35,"column":null}},"4":{"start":{"line":42,"column":2},"end":{"line":44,"column":null}},"5":{"start":{"line":43,"column":4},"end":{"line":43,"column":null}},"6":{"start":{"line":45,"column":2},"end":{"line":45,"column":null}},"7":{"start":{"line":52,"column":2},"end":{"line":54,"column":null}},"8":{"start":{"line":53,"column":4},"end":{"line":53,"column":null}},"9":{"start":{"line":55,"column":2},"end":{"line":55,"column":null}},"10":{"start":{"line":62,"column":2},"end":{"line":64,"column":null}},"11":{"start":{"line":63,"column":4},"end":{"line":63,"column":null}},"12":{"start":{"line":65,"column":2},"end":{"line":65,"column":null}},"13":{"start":{"line":72,"column":2},"end":{"line":74,"column":null}},"14":{"start":{"line":73,"column":4},"end":{"line":73,"column":null}},"15":{"start":{"line":75,"column":2},"end":{"line":75,"column":null}},"16":{"start":{"line":82,"column":2},"end":{"line":87,"column":null}},"17":{"start":{"line":83,"column":4},"end":{"line":83,"column":null}},"18":{"start":{"line":85,"column":16},"end":{"line":85,"column":null}},"19":{"start":{"line":86,"column":4},"end":{"line":86,"column":null}},"20":{"start":{"line":97,"column":2},"end":{"line":103,"column":null}},"21":{"start":{"line":98,"column":18},"end":{"line":98,"column":null}},"22":{"start":{"line":99,"column":4},"end":{"line":99,"column":null}},"23":{"start":{"line":101,"column":16},"end":{"line":101,"column":null}},"24":{"start":{"line":102,"column":4},"end":{"line":102,"column":null}}},"fnMap":{"0":{"name":"Ok","decl":{"start":{"line":13,"column":16},"end":{"line":13,"column":22}},"loc":{"start":{"line":13,"column":50},"end":{"line":15,"column":null}},"line":13},"1":{"name":"Err","decl":{"start":{"line":20,"column":16},"end":{"line":20,"column":23}},"loc":{"start":{"line":20,"column":51},"end":{"line":22,"column":null}},"line":20},"2":{"name":"isOk","decl":{"start":{"line":27,"column":16},"end":{"line":27,"column":27}},"loc":{"start":{"line":27,"column":101},"end":{"line":29,"column":null}},"line":27},"3":{"name":"isErr","decl":{"start":{"line":34,"column":16},"end":{"line":34,"column":28}},"loc":{"start":{"line":34,"column":103},"end":{"line":36,"column":null}},"line":34},"4":{"name":"unwrap","decl":{"start":{"line":41,"column":16},"end":{"line":41,"column":29}},"loc":{"start":{"line":41,"column":54},"end":{"line":46,"column":null}},"line":41},"5":{"name":"unwrapOr","decl":{"start":{"line":51,"column":16},"end":{"line":51,"column":31}},"loc":{"start":{"line":51,"column":69},"end":{"line":56,"column":null}},"line":51},"6":{"name":"map","decl":{"start":{"line":61,"column":16},"end":{"line":61,"column":29}},"loc":{"start":{"line":61,"column":86},"end":{"line":66,"column":null}},"line":61},"7":{"name":"mapErr","decl":{"start":{"line":71,"column":16},"end":{"line":71,"column":32}},"loc":{"start":{"line":71,"column":89},"end":{"line":76,"column":null}},"line":71},"8":{"name":"tryCatch","decl":{"start":{"line":81,"column":16},"end":{"line":81,"column":39}},"loc":{"start":{"line":81,"column":97},"end":{"line":88,"column":null}},"line":81},"9":{"name":"fromPromise","decl":{"start":{"line":93,"column":22},"end":{"line":93,"column":null}},"loc":{"start":{"line":96,"column":25},"end":{"line":104,"column":null}},"line":96}},"branchMap":{"0":{"loc":{"start":{"line":42,"column":2},"end":{"line":44,"column":null}},"type":"if","locations":[{"start":{"line":42,"column":2},"end":{"line":44,"column":null}},{"start":{},"end":{}}],"line":42},"1":{"loc":{"start":{"line":52,"column":2},"end":{"line":54,"column":null}},"type":"if","locations":[{"start":{"line":52,"column":2},"end":{"line":54,"column":null}},{"start":{},"end":{}}],"line":52},"2":{"loc":{"start":{"line":62,"column":2},"end":{"line":64,"column":null}},"type":"if","locations":[{"start":{"line":62,"column":2},"end":{"line":64,"column":null}},{"start":{},"end":{}}],"line":62},"3":{"loc":{"start":{"line":72,"column":2},"end":{"line":74,"column":null}},"type":"if","locations":[{"start":{"line":72,"column":2},"end":{"line":74,"column":null}},{"start":{},"end":{}}],"line":72},"4":{"loc":{"start":{"line":85,"column":16},"end":{"line":85,"column":null}},"type":"cond-expr","locations":[{"start":{"line":85,"column":26},"end":{"line":85,"column":45}},{"start":{"line":85,"column":45},"end":{"line":85,"column":null}}],"line":85},"5":{"loc":{"start":{"line":101,"column":16},"end":{"line":101,"column":null}},"type":"cond-expr","locations":[{"start":{"line":101,"column":26},"end":{"line":101,"column":45}},{"start":{"line":101,"column":45},"end":{"line":101,"column":null}}],"line":101}},"s":{"0":7,"1":6,"2":5,"3":9,"4":7,"5":6,"6":1,"7":2,"8":1,"9":1,"10":2,"11":1,"12":1,"13":2,"14":1,"15":1,"16":3,"17":3,"18":1,"19":1,"20":2,"21":2,"22":1,"23":1,"24":1},"f":{"0":7,"1":6,"2":5,"3":9,"4":7,"5":2,"6":2,"7":2,"8":3,"9":2},"b":{"0":[6,1],"1":[1,1],"2":[1,1],"3":[1,1],"4":[0,1],"5":[0,1]},"meta":{"lastBranch":6,"lastFunction":10,"lastStatement":25,"seen":{"f:13:16:13:22":0,"s:14:2:14:Infinity":0,"f:20:16:20:23":1,"s:21:2:21:Infinity":1,"f:27:16:27:27":2,"s:28:2:28:Infinity":2,"f:34:16:34:28":3,"s:35:2:35:Infinity":3,"f:41:16:41:29":4,"b:42:2:44:Infinity:undefined:undefined:undefined:undefined":0,"s:42:2:44:Infinity":4,"s:43:4:43:Infinity":5,"s:45:2:45:Infinity":6,"f:51:16:51:31":5,"b:52:2:54:Infinity:undefined:undefined:undefined:undefined":1,"s:52:2:54:Infinity":7,"s:53:4:53:Infinity":8,"s:55:2:55:Infinity":9,"f:61:16:61:29":6,"b:62:2:64:Infinity:undefined:undefined:undefined:undefined":2,"s:62:2:64:Infinity":10,"s:63:4:63:Infinity":11,"s:65:2:65:Infinity":12,"f:71:16:71:32":7,"b:72:2:74:Infinity:undefined:undefined:undefined:undefined":3,"s:72:2:74:Infinity":13,"s:73:4:73:Infinity":14,"s:75:2:75:Infinity":15,"f:81:16:81:39":8,"s:82:2:87:Infinity":16,"s:83:4:83:Infinity":17,"s:85:16:85:Infinity":18,"b:85:26:85:45:85:45:85:Infinity":4,"s:86:4:86:Infinity":19,"f:93:22:93:Infinity":9,"s:97:2:103:Infinity":20,"s:98:18:98:Infinity":21,"s:99:4:99:Infinity":22,"s:101:16:101:Infinity":23,"b:101:26:101:45:101:45:101:Infinity":5,"s:102:4:102:Infinity":24},"fnNames":{}}}
,"/Users/piyush./Desktop/Streamline/server/src/utils/telemetry.ts": {"path":"/Users/piyush./Desktop/Streamline/server/src/utils/telemetry.ts","statementMap":{"0":{"start":{"line":45,"column":43},"end":{"line":45,"column":null}},"1":{"start":{"line":46,"column":38},"end":{"line":46,"column":null}},"2":{"start":{"line":47,"column":27},"end":{"line":47,"column":null}},"3":{"start":{"line":51,"column":4},"end":{"line":56,"column":null}},"4":{"start":{"line":52,"column":6},"end":{"line":52,"column":null}},"5":{"start":{"line":53,"column":6},"end":{"line":55,"column":null}},"6":{"start":{"line":54,"column":8},"end":{"line":54,"column":null}},"7":{"start":{"line":60,"column":4},"end":{"line":60,"column":null}},"8":{"start":{"line":64,"column":4},"end":{"line":64,"column":null}},"9":{"start":{"line":68,"column":4},"end":{"line":68,"column":null}},"10":{"start":{"line":72,"column":4},"end":{"line":78,"column":null}},"11":{"start":{"line":73,"column":6},"end":{"line":77,"column":null}},"12":{"start":{"line":74,"column":8},"end":{"line":74,"column":null}},"13":{"start":{"line":76,"column":8},"end":{"line":76,"column":null}},"14":{"start":{"line":82,"column":33},"end":{"line":82,"column":null}},"15":{"start":{"line":88,"column":2},"end":{"line":88,"column":null}},"16":{"start":{"line":95,"column":2},"end":{"line":95,"column":null}},"17":{"start":{"line":100,"column":20},"end":{"line":100,"column":null}},"18":{"start":{"line":111,"column":18},"end":{"line":111,"column":null}},"19":{"start":{"line":112,"column":20},"end":{"line":112,"column":null}},"20":{"start":{"line":113,"column":19},"end":{"line":113,"column":null}},"21":{"start":{"line":114,"column":25},"end":{"line":114,"column":null}},"22":{"start":{"line":116,"column":4},"end":{"line":126,"column":null}},"23":{"start":{"line":130,"column":4},"end":{"line":130,"column":null}},"24":{"start":{"line":131,"column":4},"end":{"line":131,"column":null}},"25":{"start":{"line":135,"column":4},"end":{"line":135,"column":null}},"26":{"start":{"line":136,"column":4},"end":{"line":136,"column":null}},"27":{"start":{"line":140,"column":4},"end":{"line":144,"column":null}},"28":{"start":{"line":145,"column":4},"end":{"line":145,"column":null}},"29":{"start":{"line":149,"column":4},"end":{"line":149,"column":null}},"30":{"start":{"line":150,"column":4},"end":{"line":150,"column":null}},"31":{"start":{"line":150,"column":17},"end":{"line":150,"column":null}},"32":{"start":{"line":151,"column":4},"end":{"line":151,"column":null}},"33":{"start":{"line":155,"column":4},"end":{"line":155,"column":null}},"34":{"start":{"line":156,"column":4},"end":{"line":160,"column":null}},"35":{"start":{"line":161,"column":4},"end":{"line":161,"column":null}},"36":{"start":{"line":165,"column":4},"end":{"line":165,"column":null}},"37":{"start":{"line":165,"column":22},"end":{"line":165,"column":null}},"38":{"start":{"line":166,"column":4},"end":{"line":166,"column":null}},"39":{"start":{"line":167,"column":4},"end":{"line":167,"column":null}},"40":{"start":{"line":168,"column":4},"end":{"line":168,"column":null}},"41":{"start":{"line":169,"column":4},"end":{"line":171,"column":null}},"42":{"start":{"line":170,"column":6},"end":{"line":170,"column":null}},"43":{"start":{"line":172,"column":4},"end":{"line":172,"column":null}},"44":{"start":{"line":173,"column":4},"end":{"line":173,"column":null}},"45":{"start":{"line":189,"column":2},"end":{"line":189,"column":null}},"46":{"start":{"line":203,"column":15},"end":{"line":203,"column":null}},"47":{"start":{"line":204,"column":16},"end":{"line":206,"column":null}},"48":{"start":{"line":208,"column":22},"end":{"line":212,"column":null}},"49":{"start":{"line":214,"column":2},"end":{"line":226,"column":null}},"50":{"start":{"line":215,"column":4},"end":{"line":225,"column":null}},"51":{"start":{"line":216,"column":21},"end":{"line":216,"column":null}},"52":{"start":{"line":217,"column":6},"end":{"line":217,"column":null}},"53":{"start":{"line":218,"column":6},"end":{"line":218,"column":null}},"54":{"start":{"line":220,"column":6},"end":{"line":222,"column":null}},"55":{"start":{"line":221,"column":8},"end":{"line":221,"column":null}},"56":{"start":{"line":223,"column":6},"end":{"line":223,"column":null}},"57":{"start":{"line":224,"column":6},"end":{"line":224,"column":null}}},"fnMap":{"0":{"name":"constructor","decl":{"start":{"line":49,"column":2},"end":{"line":49,"column":16}},"loc":{"start":{"line":49,"column":16},"end":{"line":57,"column":null}},"line":49},"1":{"name":"(anonymous_1)","decl":{"start":{"line":51,"column":9},"end":{"line":51,"column":22}},"loc":{"start":{"line":51,"column":31},"end":{"line":56,"column":5}},"line":51},"2":{"name":"addExporter","decl":{"start":{"line":59,"column":2},"end":{"line":59,"column":14}},"loc":{"start":{"line":59,"column":44},"end":{"line":61,"column":null}},"line":59},"3":{"name":"getRecentSpans","decl":{"start":{"line":63,"column":2},"end":{"line":63,"column":17}},"loc":{"start":{"line":63,"column":46},"end":{"line":65,"column":null}},"line":63},"4":{"name":"clearSpans","decl":{"start":{"line":67,"column":2},"end":{"line":67,"column":21}},"loc":{"start":{"line":67,"column":21},"end":{"line":69,"column":null}},"line":67},"5":{"name":"exportSpan","decl":{"start":{"line":71,"column":2},"end":{"line":71,"column":13}},"loc":{"start":{"line":71,"column":40},"end":{"line":79,"column":null}},"line":71},"6":{"name":"generateTraceId","decl":{"start":{"line":87,"column":16},"end":{"line":87,"column":42}},"loc":{"start":{"line":87,"column":42},"end":{"line":89,"column":null}},"line":87},"7":{"name":"generateSpanId","decl":{"start":{"line":94,"column":16},"end":{"line":94,"column":41}},"loc":{"start":{"line":94,"column":41},"end":{"line":96,"column":null}},"line":94},"8":{"name":"constructor_2","decl":{"start":{"line":102,"column":2},"end":{"line":102,"column":null}},"loc":{"start":{"line":110,"column":4},"end":{"line":127,"column":null}},"line":110},"9":{"name":"setAttribute","decl":{"start":{"line":129,"column":2},"end":{"line":129,"column":15}},"loc":{"start":{"line":129,"column":50},"end":{"line":132,"column":null}},"line":129},"10":{"name":"setAttributes","decl":{"start":{"line":134,"column":2},"end":{"line":134,"column":16}},"loc":{"start":{"line":134,"column":59},"end":{"line":137,"column":null}},"line":134},"11":{"name":"addEvent","decl":{"start":{"line":139,"column":2},"end":{"line":139,"column":11}},"loc":{"start":{"line":139,"column":69},"end":{"line":146,"column":null}},"line":139},"12":{"name":"setStatus","decl":{"start":{"line":148,"column":2},"end":{"line":148,"column":12}},"loc":{"start":{"line":148,"column":71},"end":{"line":152,"column":null}},"line":148},"13":{"name":"recordException","decl":{"start":{"line":154,"column":2},"end":{"line":154,"column":18}},"loc":{"start":{"line":154,"column":38},"end":{"line":162,"column":null}},"line":154},"14":{"name":"end","decl":{"start":{"line":164,"column":2},"end":{"line":164,"column":23}},"loc":{"start":{"line":164,"column":23},"end":{"line":174,"column":null}},"line":164},"15":{"name":"startSpan","decl":{"start":{"line":180,"column":16},"end":{"line":180,"column":null}},"loc":{"start":{"line":188,"column":8},"end":{"line":190,"column":null}},"line":188},"16":{"name":"withActiveSpan","decl":{"start":{"line":195,"column":22},"end":{"line":195,"column":null}},"loc":{"start":{"line":202,"column":14},"end":{"line":227,"column":null}},"line":202},"17":{"name":"(anonymous_17)","decl":{"start":{"line":214,"column":41},"end":{"line":214,"column":53}},"loc":{"start":{"line":214,"column":53},"end":{"line":226,"column":3}},"line":214}},"branchMap":{"0":{"loc":{"start":{"line":53,"column":6},"end":{"line":55,"column":null}},"type":"if","locations":[{"start":{"line":53,"column":6},"end":{"line":55,"column":null}},{"start":{},"end":{}}],"line":53},"1":{"loc":{"start":{"line":63,"column":17},"end":{"line":63,"column":46}},"type":"default-arg","locations":[{"start":{"line":63,"column":25},"end":{"line":63,"column":46}}],"line":63},"2":{"loc":{"start":{"line":104,"column":4},"end":{"line":109,"column":null}},"type":"default-arg","locations":[{"start":{"line":109,"column":8},"end":{"line":109,"column":null}}],"line":104},"3":{"loc":{"start":{"line":112,"column":20},"end":{"line":112,"column":null}},"type":"binary-expr","locations":[{"start":{"line":112,"column":20},"end":{"line":112,"column":39}},{"start":{"line":112,"column":39},"end":{"line":112,"column":57}},{"start":{"line":112,"column":57},"end":{"line":112,"column":null}}],"line":112},"4":{"loc":{"start":{"line":114,"column":25},"end":{"line":114,"column":null}},"type":"binary-expr","locations":[{"start":{"line":114,"column":25},"end":{"line":114,"column":49}},{"start":{"line":114,"column":49},"end":{"line":114,"column":null}}],"line":114},"5":{"loc":{"start":{"line":121,"column":12},"end":{"line":121,"column":null}},"type":"binary-expr","locations":[{"start":{"line":121,"column":12},"end":{"line":121,"column":28}},{"start":{"line":121,"column":28},"end":{"line":121,"column":null}}],"line":121},"6":{"loc":{"start":{"line":124,"column":18},"end":{"line":124,"column":null}},"type":"binary-expr","locations":[{"start":{"line":124,"column":18},"end":{"line":124,"column":40}},{"start":{"line":124,"column":40},"end":{"line":124,"column":null}}],"line":124},"7":{"loc":{"start":{"line":150,"column":4},"end":{"line":150,"column":null}},"type":"if","locations":[{"start":{"line":150,"column":4},"end":{"line":150,"column":null}},{"start":{},"end":{}}],"line":150},"8":{"loc":{"start":{"line":165,"column":4},"end":{"line":165,"column":null}},"type":"if","locations":[{"start":{"line":165,"column":4},"end":{"line":165,"column":null}},{"start":{},"end":{}}],"line":165},"9":{"loc":{"start":{"line":169,"column":4},"end":{"line":171,"column":null}},"type":"if","locations":[{"start":{"line":169,"column":4},"end":{"line":171,"column":null}},{"start":{},"end":{}}],"line":169},"10":{"loc":{"start":{"line":204,"column":16},"end":{"line":206,"column":null}},"type":"binary-expr","locations":[{"start":{"line":204,"column":16},"end":{"line":204,"column":45}},{"start":{"line":204,"column":45},"end":{"line":206,"column":null}}],"line":204},"11":{"loc":{"start":{"line":220,"column":6},"end":{"line":222,"column":null}},"type":"if","locations":[{"start":{"line":220,"column":6},"end":{"line":222,"column":null}},{"start":{},"end":{}}],"line":220}},"s":{"0":2,"1":2,"2":2,"3":2,"4":3,"5":3,"6":0,"7":2,"8":1,"9":0,"10":3,"11":3,"12":3,"13":0,"14":2,"15":4,"16":4,"17":3,"18":3,"19":3,"20":3,"21":3,"22":3,"23":2,"24":2,"25":0,"26":0,"27":2,"28":2,"29":1,"30":1,"31":1,"32":1,"33":1,"34":1,"35":1,"36":3,"37":0,"38":3,"39":3,"40":3,"41":3,"42":2,"43":3,"44":3,"45":3,"46":1,"47":1,"48":1,"49":1,"50":1,"51":1,"52":1,"53":1,"54":0,"55":0,"56":0,"57":0},"f":{"0":2,"1":3,"2":2,"3":1,"4":0,"5":3,"6":4,"7":4,"8":3,"9":2,"10":0,"11":2,"12":1,"13":1,"14":3,"15":3,"16":1,"17":1},"b":{"0":[0,3],"1":[1],"2":[3],"3":[3,3,3],"4":[3,3],"5":[3,1],"6":[3,2],"7":[1,0],"8":[0,3],"9":[2,1],"10":[1,1],"11":[0,0]},"meta":{"lastBranch":12,"lastFunction":18,"lastStatement":58,"seen":{"s:45:43:45:Infinity":0,"s:46:38:46:Infinity":1,"s:47:27:47:Infinity":2,"f:49:2:49:16":0,"s:51:4:56:Infinity":3,"f:51:9:51:22":1,"s:52:6:52:Infinity":4,"b:53:6:55:Infinity:undefined:undefined:undefined:undefined":0,"s:53:6:55:Infinity":5,"s:54:8:54:Infinity":6,"f:59:2:59:14":2,"s:60:4:60:Infinity":7,"f:63:2:63:17":3,"b:63:25:63:46":1,"s:64:4:64:Infinity":8,"f:67:2:67:21":4,"s:68:4:68:Infinity":9,"f:71:2:71:13":5,"s:72:4:78:Infinity":10,"s:73:6:77:Infinity":11,"s:74:8:74:Infinity":12,"s:76:8:76:Infinity":13,"s:82:33:82:Infinity":14,"f:87:16:87:42":6,"s:88:2:88:Infinity":15,"f:94:16:94:41":7,"s:95:2:95:Infinity":16,"s:100:20:100:Infinity":17,"f:102:2:102:Infinity":8,"b:109:8:109:Infinity":2,"s:111:18:111:Infinity":18,"s:112:20:112:Infinity":19,"b:112:20:112:39:112:39:112:57:112:57:112:Infinity":3,"s:113:19:113:Infinity":20,"s:114:25:114:Infinity":21,"b:114:25:114:49:114:49:114:Infinity":4,"s:116:4:126:Infinity":22,"b:121:12:121:28:121:28:121:Infinity":5,"b:124:18:124:40:124:40:124:Infinity":6,"f:129:2:129:15":9,"s:130:4:130:Infinity":23,"s:131:4:131:Infinity":24,"f:134:2:134:16":10,"s:135:4:135:Infinity":25,"s:136:4:136:Infinity":26,"f:139:2:139:11":11,"s:140:4:144:Infinity":27,"s:145:4:145:Infinity":28,"f:148:2:148:12":12,"s:149:4:149:Infinity":29,"b:150:4:150:Infinity:undefined:undefined:undefined:undefined":7,"s:150:4:150:Infinity":30,"s:150:17:150:Infinity":31,"s:151:4:151:Infinity":32,"f:154:2:154:18":13,"s:155:4:155:Infinity":33,"s:156:4:160:Infinity":34,"s:161:4:161:Infinity":35,"f:164:2:164:23":14,"b:165:4:165:Infinity:undefined:undefined:undefined:undefined":8,"s:165:4:165:Infinity":36,"s:165:22:165:Infinity":37,"s:166:4:166:Infinity":38,"s:167:4:167:Infinity":39,"s:168:4:168:Infinity":40,"b:169:4:171:Infinity:undefined:undefined:undefined:undefined":9,"s:169:4:171:Infinity":41,"s:170:6:170:Infinity":42,"s:172:4:172:Infinity":43,"s:173:4:173:Infinity":44,"f:180:16:180:Infinity":15,"s:189:2:189:Infinity":45,"f:195:22:195:Infinity":16,"s:203:15:203:Infinity":46,"s:204:16:206:Infinity":47,"b:204:16:204:45:204:45:206:Infinity":10,"s:208:22:212:Infinity":48,"s:214:2:226:Infinity":49,"f:214:41:214:53":17,"s:215:4:225:Infinity":50,"s:216:21:216:Infinity":51,"s:217:6:217:Infinity":52,"s:218:6:218:Infinity":53,"b:220:6:222:Infinity:undefined:undefined:undefined:undefined":11,"s:220:6:222:Infinity":54,"s:221:8:221:Infinity":55,"s:223:6:223:Infinity":56,"s:224:6:224:Infinity":57},"fnNames":{}}}
}
